A1 rows/cols: 5 8
A1 data matrix: 
[
     (1,0), (-0.416147,0), (-0.653644,0), (0.96017,0), (-0.1455,0), (-0.839072,0), (0.843854,0), (0.136737,0);
(-0.0331013,0), (0.520024,0), (-0.399711,0), (-0.187347,0), (0.555639,0), (-0.275108,0), (-0.326668,0), (0.546992,0);
(-0.308872,0), (0.0950211,0), (0.229787,0), (-0.286271,0), (0.00847497,0), (0.279217,0), (-0.240866,0), (-0.0787463,0);
(0.0307448,0), (-0.168051,0), (0.109123,0), (0.0772286,0), (-0.1734,0), (0.0670911,0), (0.11756,0), (-0.164936,0);
(0.0940434,0), (-0.0184322,0), (-0.0787024,0), (0.0839357,0), (0.00884328,0), (-0.0912959,0), (0.0671417,0), (0.0354143,0)
]
Doing QR on A1 in TSQR: 
Matrix to QR factorize: 
[
     (1,0), (-0.416147,0), (-0.653644,0), (0.96017,0), (-0.1455,0), (-0.839072,0), (0.843854,0), (0.136737,0);
(-0.0331013,0), (0.520024,0), (-0.399711,0), (-0.187347,0), (0.555639,0), (-0.275108,0), (-0.326668,0), (0.546992,0);
(-0.308872,0), (0.0950211,0), (0.229787,0), (-0.286271,0), (0.00847497,0), (0.279217,0), (-0.240866,0), (-0.0787463,0);
(0.0307448,0), (-0.168051,0), (0.109123,0), (0.0772286,0), (-0.1734,0), (0.0670911,0), (0.11756,0), (-0.164936,0);
(0.0940434,0), (-0.0184322,0), (-0.0787024,0), (0.0839357,0), (0.00884328,0), (-0.0912959,0), (0.0671417,0), (0.0354143,0)
]
Mat_RearrA: 
[
     (1,0), (-0.0331013,0), (-0.308872,0), (0.0307448,0), (0.0940434,0), (-0.416147,0), (0.520024,0), (0.0950211,0);
(-0.168051,0), (-0.0184322,0), (-0.653644,0), (-0.399711,0), (0.229787,0), (0.109123,0), (-0.0787024,0), (0.96017,0);
(-0.187347,0), (-0.286271,0), (0.0772286,0), (0.0839357,0), (-0.1455,0), (0.555639,0), (0.00847497,0), (-0.1734,0);
(0.00884328,0), (-0.839072,0), (-0.275108,0), (0.279217,0), (0.0670911,0), (-0.0912959,0), (0.843854,0), (-0.326668,0);
(-0.240866,0), (0.11756,0), (0.0671417,0), (0.136737,0), (0.546992,0), (-0.0787463,0), (-0.164936,0), (0.0354143,0)
]
Mat_RearrA after zgeqrf: 
[
(-1.0518,0), (-0.0161328,0), (-0.150537,0), (0.0149843,0), (0.0458345,0), (0.446481,0), (-0.530912,0), (-0.0335928,0);
(-0.149587,0), (0.0203525,0), (0.680199,0), (0.441874,0), (-3.40536e-07,0), (0.209517,0), (0.0543164,0), (-1.01261,0);
(0.163143,0), (1.5477e-07,0), (6.1262e-08,0), (-0.49537,-0), (0.162587,0), (-0.577657,0), (-1.62732e-08,0), (6.97864e-08,0);
(-6.99208e-08,0), (0.877286,0), (0.317638,0), (3.70508e-07,0), (-1.16185e-07,0), (2.70173e-07,0), (-0.892747,0), (0.313289,0);
(3.42798e-07,0), (1.39833e-07,0), (-2.21956e-07,0), (-0.134258,0), (-0.578387,0), (1.05248e-07,0), (1.19034e-07,0), (-2.91954e-08,0)
]
RowMajor Mat_RearrA after zgeqrf: 
[
(-1.0518,0), (0.446481,0), (0.680199,0), (-1.01261,0), (0.162587,0), (0.877286,0), (-0.892747,0), (-0.134258,0);
(-0.0161328,0), (-0.530912,0), (0.441874,0), (0.163143,0), (-0.577657,0), (0.317638,0), (0.313289,0), (-0.578387,0);
(-0.150537,0), (-0.0335928,0), (-3.40536e-07,0), (1.5477e-07,0), (-1.62732e-08,0), (3.70508e-07,0), (3.42798e-07,0), (1.05248e-07,0);
(0.0149843,0), (-0.149587,0), (0.209517,0), (6.1262e-08,0), (6.97864e-08,0), (-1.16185e-07,0), (1.39833e-07,0), (1.19034e-07,0);
(0.0458345,0), (0.0203525,0), (0.0543164,0), (-0.49537,-0), (-6.99208e-08,0), (2.70173e-07,0), (-2.21956e-07,0), (-2.91954e-08,0)
]
