A1 rows/cols: 800 198
Doing QR on A1 in TSQR: 
Doing QR on r_global: 
Feeding R matrix to SVD: 
52.3338
42.9135
3.53916
3.20761
1.2819e-05
8.77914e-06
7.76991e-06
7.59088e-06
7.46547e-06
7.44366e-06
7.29542e-06
7.24619e-06
7.18782e-06
7.09797e-06
7.05108e-06
6.99379e-06
6.93158e-06
6.84031e-06
6.81778e-06
6.74325e-06
6.70463e-06
6.61652e-06
6.58476e-06
6.52572e-06
6.5012e-06
6.42777e-06
6.38578e-06
6.32758e-06
6.26675e-06
6.22212e-06
6.20401e-06
6.13134e-06
6.09939e-06
6.0315e-06
5.98788e-06
5.92975e-06
5.89303e-06
5.87221e-06
5.78446e-06
5.77275e-06
5.72718e-06
5.67263e-06
5.64269e-06
5.58659e-06
5.50188e-06
5.47298e-06
5.38806e-06
5.37588e-06
5.34642e-06
5.24768e-06
5.23825e-06
5.20605e-06
5.17293e-06
5.12692e-06
5.08791e-06
5.03907e-06
5.0126e-06
4.9749e-06
4.88728e-06
4.87039e-06
4.83749e-06
4.83054e-06
4.77502e-06
4.7539e-06
4.71275e-06
4.65809e-06
4.63699e-06
4.59328e-06
4.57181e-06
4.55375e-06
4.50447e-06
4.4457e-06
4.40704e-06
4.39734e-06
4.34456e-06
4.32569e-06
4.29395e-06
4.27672e-06
4.24507e-06
4.17107e-06
4.14309e-06
4.12882e-06
4.09643e-06
4.0603e-06
4.01012e-06
3.96998e-06
3.94954e-06
3.89839e-06
3.87497e-06
3.84675e-06
3.79072e-06
3.77739e-06
3.74707e-06
3.72815e-06
3.6791e-06
3.64204e-06
3.61145e-06
3.59751e-06
3.52779e-06
3.51081e-06
3.48665e-06
3.45045e-06
3.43015e-06
3.39112e-06
3.37894e-06
3.3443e-06
3.31276e-06
3.2484e-06
3.24068e-06
3.21018e-06
3.15156e-06
3.08009e-06
3.05908e-06
3.04112e-06
3.03562e-06
2.99568e-06
2.97328e-06
2.91334e-06
2.90661e-06
2.87929e-06
2.82454e-06
2.79544e-06
2.76933e-06
2.75663e-06
2.73343e-06
2.72238e-06
2.68175e-06
2.65845e-06
2.62984e-06
2.6045e-06
2.58644e-06
2.5772e-06
2.54801e-06
2.52395e-06
2.50284e-06
2.46197e-06
2.41751e-06
2.3952e-06
2.36608e-06
2.29912e-06
2.26695e-06
2.23921e-06
2.20563e-06
2.18063e-06
2.17529e-06
2.15745e-06
2.12246e-06
2.10889e-06
2.08806e-06
2.07097e-06
2.03733e-06
2.01963e-06
2.00314e-06
1.96542e-06
1.95111e-06
1.88123e-06
1.85558e-06
1.83527e-06
1.80565e-06
1.76567e-06
1.75579e-06
1.69912e-06
1.68764e-06
1.64866e-06
1.60973e-06
1.57627e-06
1.52499e-06
1.50752e-06
1.49538e-06
1.47627e-06
1.4591e-06
1.42671e-06
1.38771e-06
1.36431e-06
1.34599e-06
1.32165e-06
1.297e-06
1.27458e-06
1.22427e-06
1.20355e-06
1.13742e-06
1.11368e-06
1.0923e-06
1.06831e-06
1.0594e-06
1.01126e-06
9.73993e-07
9.24851e-07
8.99663e-07
8.21963e-07
7.71628e-07
6.47282e-07
4.92652e-07
3.81606e-07
3.26491e-07
3.07788e-07
2.80758e-07
2.63528e-07
info: 0
Continuous time eigenvalues: 
dt: (0.0631476,0)
1.62157
1.12719
0.13273
0.0878992
0
0
0
0
0
0
0
0
0
0
0
0
0
0
0
0
0
0
0
0
0
0
0
0
0
0
0
0
0
0
0
0
0
0
0
0
0
0
0
0
0
0
0
0
0
0
0
0
0
0
0
0
0
0
0
0
0
0
0
0
0
0
0
0
0
0
0
0
0
0
0
0
0
0
0
0
0
0
0
0
0
0
0
0
0
0
0
0
0
0
0
0
0
0
0
0
0
0
0
0
0
0
0
0
0
0
0
0
0
0
0
0
0
0
0
0
0
0
0
0
0
0
0
0
0
0
0
0
0
0
0
0
0
0
0
0
0
0
0
0
0
0
0
0
0
0
0
0
0
0
0
0
0
0
0
0
0
0
0
0
0
0
0
0
0
0
0
0
0
0
0
0
0
0
0
0
0
0
0
0
0
0
0
0
0
0
0
0
0
0
0
0
0
0
0
0
0
0
0
0
0
0
0
0
0
0
0
0
0
0
0
0
0
0
0
0
0
0
0
0
0
0
0
0
0
0
0
0
0
0
0
0
0
0
0
0
0
0
0
0
0
0
0
0
0
0
0
0
0
0
0
0
0
0
0
0
0
0
0
0
0
0
0
0
0
0
0
0
0
0
0
0
0
0
0
0
0
0
0
0
0
0
0
0
0
0
0
0
0
0
0
0
0
0
0
0
0
0
0
0
0
0
0
0
0
0
0
0
0
0
0
0
0
0
0
0
0
0
0
0
0
0
0
0
0
0
0
0
0
0
0
0
0
0
0
0
0
0
0
0
0
0
0
0
0
0
0
0
0
0
0
0
0
0
0
0
0
0
0
0
0
0
0
0
0
0
0
0
0
0
0
0
0
0
0
0
0
0
0
0
0
0
0
0
0
0
0
0
0
0
0
0
0
0
0
0
0
0
0
0
0
0
0
0
0
0
0
0
0
0
0
0
0
0
0
0
0
0
0
0
0
0
0
0
0
0
0
0
0
0
0
0
0
0
0
0
0
0
0
0
0
0
0
0
0
0
0
0
0
0
0
0
0
0
0
0
0
0
0
0
0
0
0
0
0
0
0
0
0
0
0
0
0
0
0
0
0
0
0
0
0
0
0
0
0
0
0
0
0
0
0
0
0
0
0
0
0
0
0
0
0
0
0
0
0
0
0
0
0
0
0
0
0
0
0
0
0
0
0
0
0
0
0
0
0
0
0
0
0
0
0
0
0
0
0
0
0
0
0
0
0
0
0
0
0
0
0
0
0
0
0
0
0
0
0
0
0
0
0
0
0
0
0
0
0
0
0
0
0
0
0
0
0
0
0
0
0
0
0
0
0
0
0
0
0
0
0
0
0
0
0
0
0
0
0
0
0
0
0
0
0
0
0
0
0
0
0
0
0
0
0
0
0
0
0
0
0
0
0
0
0
0
0
0
0
0
0
0
0
0
0
0
0
0
0
0
0
0
0
0
0
0
0
0
0
0
0
0
0
0
0
0
0
0
0
0
0
0
0
0
0
0
0
0
0
0
0
0
0
0
0
0
0
0
0
0
0
0
0
0
0
0
0
0
0
0
0
0
0
0
0
0
0
0
0
0
0
0
0
0
0
0
0
0
0
0
0
0
0
0
0
0
0
0
0
0
0
0
0
0
0
0
0
0
0
0
0
0
0
0
0
0
0
0
0
0
0
0
0
0
0
0
0
0
0
0
0
0
0
0
0
0
0
0
0
0
0
0
0
0
0
0
0
0
0
0
0
0
0
0
0
0
0
0
0
0
0
0
0
0
0
0
0
0
0
0
0
0
0
0
0
0
0
0
0
0
(-4.42792,0.645515) (-0.0994998,2.2885) (0,0) (-0,0) (1,0) (-4.42792,0.645515)
(-5.09522,0.917293) (-0.199,2.786) (0.0631476,0) (-0,0) (1,0) (-5.09522,0.917293)
(-5.09522,-0.917293) (-0.199,-2.786) (0.126295,0) (0,-0) (1,-0) (-5.09522,-0.917293)
(-4.42792,-0.645515) (-0.0994998,-2.2885) (0.189443,0) (0,-0) (1,-0) (-4.42792,-0.645515)
(-4.42792,0.645515) (-0.0994998,2.2885) (0,0) (-0.00628318,0.144513) (0.983378,0.143109) (-4.4467,0.00111043)
(-5.09522,0.917293) (-0.199,2.786) (0.0631476,0) (-0.0125664,0.175929) (0.972269,0.172837) (-5.11247,0.0112112)
(-5.09522,-0.917293) (-0.199,-2.786) (0.126295,0) (-0.0125664,-0.175929) (0.972269,-0.172837) (-5.11247,-0.0112112)
(-4.42792,-0.645515) (-0.0994998,-2.2885) (0.189443,0) (-0.00628318,-0.144513) (0.983378,-0.143109) (-4.4467,-0.00111043)
(-4.42792,0.645515) (-0.0994998,2.2885) (0,0) (-0.0125664,0.289027) (0.946552,0.28146) (-4.37295,-0.63527)
(-5.09522,0.917293) (-0.199,2.786) (0.0631476,0) (-0.0251328,0.351858) (0.915435,0.336089) (-4.97264,-0.872726)
(-5.09522,-0.917293) (-0.199,-2.786) (0.126295,0) (-0.0251328,-0.351858) (0.915435,-0.336089) (-4.97264,0.872726)
(-4.42792,-0.645515) (-0.0994998,-2.2885) (0.189443,0) (-0.0125664,-0.289027) (0.946552,-0.28146) (-4.37295,0.63527)
(-4.42792,0.645515) (-0.0994998,2.2885) (0,0) (-0.0188495,0.43354) (0.890539,0.412241) (-4.20935,-1.25052)
(-5.09522,0.917293) (-0.199,2.786) (0.0631476,0) (-0.0376991,0.527788) (0.83196,0.484991) (-4.6839,-1.70798)
(-5.09522,-0.917293) (-0.199,-2.786) (0.126295,0) (-0.0376991,-0.527788) (0.83196,-0.484991) (-4.6839,1.70798)
(-4.42792,-0.645515) (-0.0994998,-2.2885) (0.189443,0) (-0.0188495,-0.43354) (0.890539,-0.412241) (-4.20935,1.25052)
(-4.42792,0.645515) (-0.0994998,2.2885) (0,0) (-0.0251327,0.578053) (0.816741,0.532833) (-3.96042,-1.83213)
(-5.09522,0.917293) (-0.199,2.786) (0.0631476,0) (-0.0502655,0.703717) (0.725065,0.615335) (-4.25881,-2.47017)
(-5.09522,-0.917293) (-0.199,-2.786) (0.126295,0) (-0.0502655,-0.703717) (0.725065,-0.615335) (-4.25881,2.47017)
(-4.42792,-0.645515) (-0.0994998,-2.2885) (0.189443,0) (-0.0251327,-0.578053) (0.816741,-0.532833) (-3.96042,1.83213)
(-4.42792,0.645515) (-0.0994998,2.2885) (0,0) (-0.0314159,0.722566) (0.726912,0.640859) (-3.63239,-2.36844)
(-5.09522,0.917293) (-0.199,2.786) (0.0631476,0) (-0.0628319,0.879646) (0.598606,0.72359) (-3.71377,-3.13775)
(-5.09522,-0.917293) (-0.199,-2.786) (0.126295,0) (-0.0628319,-0.879646) (0.598606,-0.72359) (-3.71377,3.13775)
(-4.42792,-0.645515) (-0.0994998,-2.2885) (0.189443,0) (-0.0314159,-0.722566) (0.726912,-0.640859) (-3.63239,2.36844)
(-4.42792,0.645515) (-0.0994998,2.2885) (0,0) (-0.0376991,0.86708) (0.623117,0.734234) (-3.23307,-2.8489)
(-5.09522,0.917293) (-0.199,2.786) (0.0631476,0) (-0.0753983,1.05558) (0.456942,0.806986) (-3.06847,-3.69262)
(-5.09522,-0.917293) (-0.199,-2.786) (0.126295,0) (-0.0753983,-1.05558) (0.456942,-0.806986) (-3.06847,3.69262)
(-4.42792,-0.645515) (-0.0994998,-2.2885) (0.189443,0) (-0.0376991,-0.86708) (0.623117,-0.734234) (-3.23307,2.8489)
(-4.42792,0.645515) (-0.0994998,2.2885) (0,0) (-0.0439822,1.01159) (0.507684,0.811203) (-2.77163,-3.26423)
(-5.09522,0.917293) (-0.199,2.786) (0.0631476,0) (-0.0879646,1.2315) (0.304794,0.863584) (-2.34515,-4.12057)
(-5.09522,-0.917293) (-0.199,-2.786) (0.126295,0) (-0.0879646,-1.2315) (0.304794,-0.863584) (-2.34515,4.12057)
(-4.42792,-0.645515) (-0.0994998,-2.2885) (0.189443,0) (-0.0439822,-1.01159) (0.507684,-0.811203) (-2.77163,3.26423)
(-4.42792,0.645515) (-0.0994998,2.2885) (0,0) (-0.0502654,1.15611) (0.383155,0.870373) (-2.25842,-3.60661)
(-5.09522,0.917293) (-0.199,2.786) (0.0631476,0) (-0.100531,1.40743) (0.147082,0.892316) (-1.56793,-4.41163)
(-5.09522,-0.917293) (-0.199,-2.786) (0.126295,0) (-0.100531,-1.40743) (0.147082,-0.892316) (-1.56793,4.41163)
(-4.42792,-0.645515) (-0.0994998,-2.2885) (0.189443,0) (-0.0502654,-1.15611) (0.383155,-0.870373) (-2.25842,3.60661)
(-4.42792,0.645515) (-0.0994998,2.2885) (0,0) (-0.0565486,1.30062) (0.252228,0.910739) (-1.70474,-3.86986)
(-5.09522,0.917293) (-0.199,2.786) (0.0631476,0) (-0.113097,1.58336) (-0.0112226,0.892993) (-0.761955,-4.56029)
(-5.09522,-0.917293) (-0.199,-2.786) (0.126295,0) (-0.113097,-1.58336) (-0.0112226,-0.892993) (-0.761955,4.56029)
(-4.42792,-0.645515) (-0.0994998,-2.2885) (0.189443,0) (-0.0565486,-1.30062) (0.252228,-0.910739) (-1.70474,3.86986)
(-4.42792,0.645515) (-0.0994998,2.2885) (0,0) (-0.0628318,1.44513) (0.117701,0.931696) (-1.12259,-4.0495)
(-5.09522,0.917293) (-0.199,2.786) (0.0631476,0) (-0.125664,1.75929) (-0.165254,0.86629) (0.0473637,-4.56553)
(-5.09522,-0.917293) (-0.199,-2.786) (0.126295,0) (-0.125664,-1.75929) (-0.165254,-0.86629) (0.0473637,4.56553)
(-4.42792,-0.645515) (-0.0994998,-2.2885) (0.189443,0) (-0.0628318,-1.44513) (0.117701,-0.931696) (-1.12259,4.0495)
(-4.42792,0.645515) (-0.0994998,2.2885) (0,0) (-0.0691149,1.58965) (-0.0175898,0.933054) (-0.524414,-4.14284)
(-5.09522,0.917293) (-0.199,2.786) (0.0631476,0) (-0.13823,1.93522) (-0.310399,0.813705) (0.835144,-4.43073)
(-5.09522,-0.917293) (-0.199,-2.786) (0.126295,0) (-0.13823,-1.93522) (-0.310399,-0.813705) (0.835144,4.43073)
(-4.42792,-0.645515) (-0.0994998,-2.2885) (0.189443,0) (-0.0691149,-1.58965) (-0.0175898,-0.933054) (-0.524414,4.14284)
(-4.42792,0.645515) (-0.0994998,2.2885) (0,0) (-0.0753981,1.73416) (-0.150826,0.915027) (0.0771805,-4.14903)
(-5.09522,0.917293) (-0.199,2.786) (0.0631476,0) (-0.150797,2.11115) (-0.44243,0.737492) (1.57778,-4.16352)
(-5.09522,-0.917293) (-0.199,-2.786) (0.126295,0) (-0.150797,-2.11115) (-0.44243,-0.737492) (1.57778,4.16352)
(-4.42792,-0.645515) (-0.0994998,-2.2885) (0.189443,0) (-0.0753981,-1.73416) (-0.150826,-0.915027) (0.0771805,4.14903)
(-4.42792,0.645515) (-0.0994998,2.2885) (0,0) (-0.0816813,1.87867) (-0.279267,0.878233) (0.66966,-4.06902)
(-5.09522,0.917293) (-0.199,2.786) (0.0631476,0) (-0.163363,2.28708) (-0.557627,0.640573) (2.25364,-3.77537)
(-5.09522,-0.917293) (-0.199,-2.786) (0.126295,0) (-0.163363,-2.28708) (-0.557627,-0.640573) (2.25364,3.77537)
(-4.42792,-0.645515) (-0.0994998,-2.2885) (0.189443,0) (-0.0816813,-1.87867) (-0.279267,-0.878233) (0.66966,4.06902)
(-4.42792,0.645515) (-0.0994998,2.2885) (0,0) (-0.0879645,2.02319) (-0.400308,0.823669) (1.24084,-3.90555)
(-5.09522,0.917293) (-0.199,2.786) (0.0631476,0) (-0.175929,2.46301) (-0.652879,0.52643) (2.84367,-3.28116)
(-5.09522,-0.917293) (-0.199,-2.786) (0.126295,0) (-0.175929,-2.46301) (-0.652879,-0.52643) (2.84367,3.28116)
(-4.42792,-0.645515) (-0.0994998,-2.2885) (0.189443,0) (-0.0879645,-2.02319) (-0.400308,-0.823669) (1.24084,3.90555)
(-4.42792,0.645515) (-0.0994998,2.2885) (0,0) (-0.0942476,2.1677) (-0.511528,0.752691) (1.77913,-3.66306)
(-5.09522,0.917293) (-0.199,2.786) (0.0631476,0) (-0.188496,2.63894) (-0.725761,0.39899) (3.33192,-2.69868)
(-5.09522,-0.917293) (-0.199,-2.786) (0.126295,0) (-0.188496,-2.63894) (-0.725761,-0.39899) (3.33192,2.69868)
(-4.42792,-0.645515) (-0.0994998,-2.2885) (0.189443,0) (-0.0942476,-2.1677) (-0.511528,-0.752691) (1.77913,3.66306)
(-4.42792,0.645515) (-0.0994998,2.2885) (0,0) (-0.100531,2.31221) (-0.610742,0.666975) (2.27378,-3.34756)
(-5.09522,0.917293) (-0.199,2.786) (0.0631476,0) (-0.201062,2.81487) (-0.774596,0.262487) (3.70596,-2.04796)
(-5.09522,-0.917293) (-0.199,-2.786) (0.126295,0) (-0.201062,-2.81487) (-0.774596,-0.262487) (3.70596,2.04796)
(-4.42792,-0.645515) (-0.0994998,-2.2885) (0.189443,0) (-0.100531,-2.31221) (-0.610742,-0.666975) (2.27378,3.34756)
(-4.42792,0.645515) (-0.0994998,2.2885) (0,0) (-0.106814,2.45673) (-0.69604,0.568486) (2.71505,-2.96652)
(-5.09522,0.917293) (-0.199,2.786) (0.0631476,0) (-0.213628,2.9908) (-0.798483,0.121329) (3.95715,-1.35064)
(-5.09522,-0.917293) (-0.199,-2.786) (0.126295,0) (-0.213628,-2.9908) (-0.798483,-0.121329) (3.95715,1.35064)
(-4.42792,-0.645515) (-0.0994998,-2.2885) (0.189443,0) (-0.106814,-2.45673) (-0.69604,-0.568486) (2.71505,2.96652)
(-4.42792,0.645515) (-0.0994998,2.2885) (0,0) (-0.113097,2.60124) (-0.765826,0.459427) (3.09445,-2.52866)
(-5.09522,0.917293) (-0.199,2.786) (0.0631476,0) (-0.226195,3.16673) (-0.797311,-0.0200434) (4.08086,-0.629242)
(-5.09522,-0.917293) (-0.199,-2.786) (0.126295,0) (-0.226195,-3.16673) (-0.797311,0.0200434) (4.08086,0.629242)
(-4.42792,-0.645515) (-0.0994998,-2.2885) (0.189443,0) (-0.113097,-2.60124) (-0.765826,-0.459427) (3.09445,2.52866)
(-4.42792,0.645515) (-0.0994998,2.2885) (0,0) (-0.11938,2.74575) (-0.818845,0.342194) (3.40489,-2.04379)
(-5.09522,0.917293) (-0.199,2.786) (0.0631476,0) (-0.238761,3.34266) (-0.771737,-0.157293) (4.07645,0.0935325)
(-5.09522,-0.917293) (-0.199,-2.786) (0.126295,0) (-0.238761,-3.34266) (-0.771737,0.157293) (4.07645,-0.0935325)
(-4.42792,-0.645515) (-0.0994998,-2.2885) (0.189443,0) (-0.11938,-2.74575) (-0.818845,-0.342194) (3.40489,2.04379)
(-4.42792,0.645515) (-0.0994998,2.2885) (0,0) (-0.125664,2.89027) (-0.854205,0.219322) (3.64078,-1.52254)
(-5.09522,0.917293) (-0.199,2.786) (0.0631476,0) (-0.251328,3.51858) (-0.72315,-0.286316) (3.94724,0.795502)
(-5.09522,-0.917293) (-0.199,-2.786) (0.126295,0) (-0.251328,-3.51858) (-0.72315,0.286316) (3.94724,-0.795502)
(-4.42792,-0.645515) (-0.0994998,-2.2885) (0.189443,0) (-0.125664,-2.89027) (-0.854205,-0.219322) (3.64078,1.52254)
(-4.42792,0.645515) (-0.0994998,2.2885) (0,0) (-0.131947,3.03478) (-0.871393,0.0934326) (3.79815,-0.976209)
(-5.09522,0.917293) (-0.199,2.786) (0.0631476,0) (-0.263894,3.69451) (-0.65361,-0.403364) (3.70029,1.45567)
(-5.09522,-0.917293) (-0.199,-2.786) (0.126295,0) (-0.263894,-3.69451) (-0.65361,0.403364) (3.70029,-1.45567)
(-4.42792,-0.645515) (-0.0994998,-2.2885) (0.189443,0) (-0.131947,-3.03478) (-0.871393,-0.0934326) (3.79815,0.976209)
(-4.42792,0.645515) (-0.0994998,2.2885) (0,0) (-0.13823,3.17929) (-0.87028,-0.0328245) (3.87472,-0.416434)
(-5.09522,0.917293) (-0.199,2.786) (0.0631476,0) (-0.27646,3.87044) (-0.565769,-0.505146) (3.34608,2.05486)
(-5.09522,-0.917293) (-0.199,-2.786) (0.126295,0) (-0.27646,-3.87044) (-0.565769,0.505146) (3.34608,-2.05486)
(-4.42792,-0.645515) (-0.0994998,-2.2885) (0.189443,0) (-0.13823,-3.17929) (-0.87028,0.0328245) (3.87472,0.416434)
(-4.42792,0.645515) (-0.0994998,2.2885) (0,0) (-0.144513,3.32381) (-0.851116,-0.156824) (3.86991,0.144994)
(-5.09522,0.917293) (-0.199,2.786) (0.0631476,0) (-0.289027,4.04637) (-0.462771,-0.588924) (2.89814,2.5762)
(-5.09522,-0.917293) (-0.199,-2.786) (0.126295,0) (-0.289027,-4.04637) (-0.462771,0.588924) (2.89814,-2.5762)
(-4.42792,-0.645515) (-0.0994998,-2.2885) (0.189443,0) (-0.144513,-3.32381) (-0.851116,0.156824) (3.86991,-0.144994)
(-4.42792,0.645515) (-0.0994998,2.2885) (0,0) (-0.150796,3.46832) (-0.814526,-0.276019) (3.78483,0.696402)
(-5.09522,0.917293) (-0.199,2.786) (0.0631476,0) (-0.301593,4.2223) (-0.34815,-0.652577) (2.37251,3.00567)
(-5.09522,-0.917293) (-0.199,-2.786) (0.126295,0) (-0.301593,-4.2223) (-0.34815,0.652577) (2.37251,-3.00567)
(-4.42792,-0.645515) (-0.0994998,-2.2885) (0.189443,0) (-0.150796,-3.46832) (-0.814526,0.276019) (3.78483,-0.696402)
(-4.42792,0.645515) (-0.0994998,2.2885) (0,0) (-0.157079,3.61283) (-0.761486,-0.387997) (3.62226,1.22647)
(-5.09522,0.917293) (-0.199,2.786) (0.0631476,0) (-0.314159,4.39823) (-0.225706,-0.694654) (1.78722,3.33238)
(-5.09522,-0.917293) (-0.199,-2.786) (0.126295,0) (-0.314159,-4.39823) (-0.225706,0.694654) (1.78722,-3.33238)
(-4.42792,-0.645515) (-0.0994998,-2.2885) (0.189443,0) (-0.157079,-3.61283) (-0.761486,0.387997) (3.62226,-1.22647)
(-4.42792,0.645515) (-0.0994998,2.2885) (0,0) (-0.163363,3.75735) (-0.693303,-0.490523) (3.38653,1.72446)
(-5.09522,0.917293) (-0.199,2.786) (0.0631476,0) (-0.326726,4.57416) (-0.0993848,-0.714402) (1.1617,3.54887)
(-5.09522,-0.917293) (-0.199,-2.786) (0.126295,0) (-0.326726,-4.57416) (-0.0993848,0.714402) (1.1617,-3.54887)
(-4.42792,-0.645515) (-0.0994998,-2.2885) (0.189443,0) (-0.163363,-3.75735) (-0.693303,0.490523) (3.38653,-1.72446)
(-4.42792,0.645515) (-0.0994998,2.2885) (0,0) (-0.169646,3.90186) (-0.611581,-0.581587) (3.08346,2.18044)
(-5.09522,0.917293) (-0.199,2.786) (0.0631476,0) (-0.339292,4.75009) (0.0268465,-0.711768) (0.516111,3.65124)
(-5.09522,-0.917293) (-0.199,-2.786) (0.126295,0) (-0.339292,-4.75009) (0.0268465,0.711768) (0.516111,-3.65124)
(-4.42792,-0.645515) (-0.0994998,-2.2885) (0.189443,0) (-0.169646,-3.90186) (-0.611581,0.581587) (3.08346,-2.18044)
(-4.42792,0.645515) (-0.0994998,2.2885) (0,0) (-0.175929,4.04637) (-0.518185,-0.659443) (2.72016,2.58547)
(-5.09522,0.917293) (-0.199,2.786) (0.0631476,0) (-0.351859,4.92602) (0.149122,-0.68739) (-0.129272,3.63919)
(-5.09522,-0.917293) (-0.199,-2.786) (0.126295,0) (-0.351859,-4.92602) (0.149122,0.68739) (-0.129272,-3.63919)
(-4.42792,-0.645515) (-0.0994998,-2.2885) (0.189443,0) (-0.175929,-4.04637) (-0.518185,0.659443) (2.72016,-2.58547)
(-4.42792,0.645515) (-0.0994998,2.2885) (0,0) (-0.182212,4.19088) (-0.4152,-0.722638) (2.30495,2.93177)
(-5.09522,0.917293) (-0.199,2.786) (0.0631476,0) (-0.364425,5.10195) (0.263794,-0.642555) (-0.754676,3.51593)
(-5.09522,-0.917293) (-0.199,-2.786) (0.126295,0) (-0.364425,-5.10195) (0.263794,0.642555) (-0.754676,-3.51593)
(-4.42792,-0.645515) (-0.0994998,-2.2885) (0.189443,0) (-0.182212,-4.19088) (-0.4152,0.722638) (2.30495,-2.93177)
(-4.42792,0.645515) (-0.0994998,2.2885) (0,0) (-0.188495,4.3354) (-0.304882,-0.770045) (1.84707,3.21289)
(-5.09522,0.917293) (-0.199,2.786) (0.0631476,0) (-0.376991,5.27788) (0.367536,-0.579143) (-1.34143,3.288)
(-5.09522,-0.917293) (-0.199,-2.786) (0.126295,0) (-0.376991,-5.27788) (0.367536,0.579143) (-1.34143,-3.288)
(-4.42792,-0.645515) (-0.0994998,-2.2885) (0.189443,0) (-0.188495,-4.3354) (-0.304882,0.770045) (1.84707,-3.21289)
(-4.42792,0.645515) (-0.0994998,2.2885) (0,0) (-0.194778,4.47991) (-0.189614,-0.800877) (1.35658,3.42382)
(-5.09522,0.917293) (-0.199,2.786) (0.0631476,0) (-0.389558,5.45381) (0.457442,-0.499559) (-1.87252,2.96497)
(-5.09522,-0.917293) (-0.199,-2.786) (0.126295,0) (-0.389558,-5.45381) (0.457442,0.499559) (-1.87252,-2.96497)
(-4.42792,-0.645515) (-0.0994998,-2.2885) (0.189443,0) (-0.194778,-4.47991) (-0.189614,0.800877) (1.35658,-3.42382)
(-4.42792,0.645515) (-0.0994998,2.2885) (0,0) (-0.201062,4.62442) (-0.07185,-0.8147) (0.844047,3.56105)
(-5.09522,0.917293) (-0.199,2.786) (0.0631476,0) (-0.402124,5.62974) (0.531099,-0.406643) (-2.33306,2.55911)
(-5.09522,-0.917293) (-0.199,-2.786) (0.126295,0) (-0.402124,-5.62974) (0.531099,0.406643) (-2.33306,-2.55911)
(-4.42792,-0.645515) (-0.0994998,-2.2885) (0.189443,0) (-0.201062,-4.62442) (-0.07185,0.8147) (0.844047,-3.56105)
(-4.42792,0.645515) (-0.0994998,2.2885) (0,0) (-0.207345,4.76894) (0.045935,-0.81144) (0.3204,3.62265)
(-5.09522,0.917293) (-0.199,2.786) (0.0631476,0) (-0.41469,5.80566) (0.586654,-0.303572) (-2.71067,2.0849)
(-5.09522,-0.917293) (-0.199,-2.786) (0.126295,0) (-0.41469,-5.80566) (0.586654,0.303572) (-2.71067,-2.0849)
(-4.42792,-0.645515) (-0.0994998,-2.2885) (0.189443,0) (-0.207345,-4.76894) (0.045935,0.81144) (0.3204,-3.62265)
(-4.42792,0.645515) (-0.0994998,2.2885) (0,0) (-0.213628,4.91345) (0.161296,-0.791379) (-0.203358,3.60828)
(-5.09522,0.917293) (-0.199,2.786) (0.0631476,0) (-0.427257,5.98159) (0.622855,-0.193758) (-2.99585,1.55858)
(-5.09522,-0.917293) (-0.199,-2.786) (0.126295,0) (-0.427257,-5.98159) (0.622855,0.193758) (-2.99585,-1.55858)
(-4.42792,-0.645515) (-0.0994998,-2.2885) (0.189443,0) (-0.213628,-4.91345) (0.161296,0.791379) (-0.203358,-3.60828)
(-4.42792,0.645515) (-0.0994998,2.2885) (0,0) (-0.219911,5.05796) (0.271868,-0.755142) (-0.716355,3.5192)
(-5.09522,0.917293) (-0.199,2.786) (0.0631476,0) (-0.439823,6.15752) (0.639071,-0.0807325) (-3.18215,0.997566)
(-5.09522,-0.917293) (-0.199,-2.786) (0.126295,0) (-0.439823,-6.15752) (0.639071,0.0807325) (-3.18215,-0.997566)
(-4.42792,-0.645515) (-0.0994998,-2.2885) (0.189443,0) (-0.219911,-5.05796) (0.271868,0.755142) (-0.716355,-3.5192)
(-4.42792,0.645515) (-0.0994998,2.2885) (0,0) (-0.226194,5.20248) (0.375416,-0.703683) (-1.20808,3.35819)
(-5.09522,0.917293) (-0.199,2.786) (0.0631476,0) (-0.45239,6.33345) (0.635303,0.0319616) (-3.26633,0.419907)
(-5.09522,-0.917293) (-0.199,-2.786) (0.126295,0) (-0.45239,-6.33345) (0.635303,-0.0319616) (-3.26633,-0.419907)
(-4.42792,-0.645515) (-0.0994998,-2.2885) (0.189443,0) (-0.226194,-5.20248) (0.375416,0.703683) (-1.20808,-3.35819)
(-4.42792,0.645515) (-0.0994998,2.2885) (0,0) (-0.232477,5.34699) (0.469879,-0.638261) (-1.66858,3.12948)
(-5.09522,0.917293) (-0.199,2.786) (0.0631476,0) (-0.464956,6.50938) (0.612161,0.140879) (-3.24832,-0.15628)
(-5.09522,-0.917293) (-0.199,-2.786) (0.126295,0) (-0.464956,-6.50938) (0.612161,-0.140879) (-3.24832,0.15628)
(-4.42792,-0.645515) (-0.0994998,-2.2885) (0.189443,0) (-0.232477,-5.34699) (0.469879,0.638261) (-1.66858,-3.12948)
(-4.42792,0.645515) (-0.0994998,2.2885) (0,0) (-0.238761,5.4915) (0.55341,-0.560408) (-2.0887,2.83868)
(-5.09522,0.917293) (-0.199,2.786) (0.0631476,0) (-0.477522,6.68531) (0.570836,0.242777) (-3.13124,-0.713379)
(-5.09522,-0.917293) (-0.199,-2.786) (0.126295,0) (-0.477522,-6.68531) (0.570836,-0.242777) (-3.13124,0.713379)
(-4.42792,-0.645515) (-0.0994998,-2.2885) (0.189443,0) (-0.238761,-5.4915) (0.55341,0.560408) (-2.0887,-2.83868)
(-4.42792,0.645515) (-0.0994998,2.2885) (0,0) (-0.245044,5.63602) (0.62441,-0.471895) (-2.46022,2.49258)
(-5.09522,0.917293) (-0.199,2.786) (0.0631476,0) (-0.490089,6.86124) (0.513046,0.334707) (-2.92111,-1.23479)
(-5.09522,-0.917293) (-0.199,-2.786) (0.126295,0) (-0.490089,-6.86124) (0.513046,-0.334707) (-2.92111,1.23479)
(-4.42792,-0.645515) (-0.0994998,-2.2885) (0.189443,0) (-0.245044,-5.63602) (0.62441,0.471895) (-2.46022,-2.49258)
(-4.42792,0.645515) (-0.0994998,2.2885) (0,0) (-0.251327,5.78053) (0.681563,-0.374692) (-2.77604,2.09907)
(-5.09522,0.917293) (-0.199,2.786) (0.0631476,0) (-0.502655,7.03717) (0.440969,0.414099) (-2.62668,-1.70543)
(-5.09522,-0.917293) (-0.199,-2.786) (0.126295,0) (-0.502655,-7.03717) (0.440969,-0.414099) (-2.62668,1.70543)
(-4.42792,-0.645515) (-0.0994998,-2.2885) (0.189443,0) (-0.251327,-5.78053) (0.681563,0.374692) (-2.77604,-2.09907)
(-4.42792,0.645515) (-0.0994998,2.2885) (0,0) (-0.25761,5.92504) (0.723856,-0.270927) (-3.03029,1.6669)
(-5.09522,0.917293) (-0.199,2.786) (0.0631476,0) (-0.515222,7.2131) (0.357169,0.478831) (-2.25908,-2.11212)
(-5.09522,-0.917293) (-0.199,-2.786) (0.126295,0) (-0.515222,-7.2131) (0.357169,-0.478831) (-2.25908,2.11212)
(-4.42792,-0.645515) (-0.0994998,-2.2885) (0.189443,0) (-0.25761,-5.92504) (0.723856,0.270927) (-3.03029,-1.6669)
(-4.42792,0.645515) (-0.0994998,2.2885) (0,0) (-0.263893,6.06956) (0.750596,-0.162833) (-3.21847,1.20553)
(-5.09522,0.917293) (-0.199,2.786) (0.0631476,0) (-0.527788,7.38903) (0.264504,0.527285) (-1.83138,-2.44401)
(-5.09522,-0.917293) (-0.199,-2.786) (0.126295,0) (-0.527788,-7.38903) (0.264504,-0.527285) (-1.83138,2.44401)
(-4.42792,-0.645515) (-0.0994998,-2.2885) (0.189443,0) (-0.263893,-6.06956) (0.750596,0.162833) (-3.21847,-1.20553)
(-4.42792,0.645515) (-0.0994998,2.2885) (0,0) (-0.270177,6.21407) (0.761423,-0.0527094) (-3.3375,0.724903)
(-5.09522,0.917293) (-0.199,2.786) (0.0631476,0) (-0.540354,7.56496) (0.166035,0.558379) (-1.35818,-2.69276)
(-5.09522,-0.917293) (-0.199,-2.786) (0.126295,0) (-0.540354,-7.56496) (0.166035,-0.558379) (-1.35818,2.69276)
(-4.42792,-0.645515) (-0.0994998,-2.2885) (0.189443,0) (-0.270177,-6.21407) (0.761423,0.0527094) (-3.3375,-0.724903)
(-4.42792,0.645515) (-0.0994998,2.2885) (0,0) (-0.27646,6.35858) (0.756309,0.0571329) (-3.38576,0.235229)
(-5.09522,0.917293) (-0.199,2.786) (0.0631476,0) (-0.552921,7.74089) (0.0649216,0.571592) (-0.855107,-2.85284)
(-5.09522,-0.917293) (-0.199,-2.786) (0.126295,0) (-0.552921,-7.74089) (0.0649216,-0.571592) (-0.855107,2.85284)
(-4.42792,-0.645515) (-0.0994998,-2.2885) (0.189443,0) (-0.27646,-6.35858) (0.756309,-0.0571329) (-3.38576,-0.235229)
(-4.42792,0.645515) (-0.0994998,2.2885) (0,0) (-0.282743,6.5031) (0.735562,0.164418) (-3.36314,-0.253213)
(-5.09522,0.917293) (-0.199,2.786) (0.0631476,0) (-0.565487,7.91682) (-0.0356713,0.566962) (-0.338318,-2.92152)
(-5.09522,-0.917293) (-0.199,-2.786) (0.126295,0) (-0.565487,-7.91682) (-0.0356713,-0.566962) (-0.338318,2.92152)
(-4.42792,-0.645515) (-0.0994998,-2.2885) (0.189443,0) (-0.282743,-6.5031) (0.735562,-0.164418) (-3.36314,0.253213)
(-4.42792,0.645515) (-0.0994998,2.2885) (0,0) (-0.289026,6.64761) (0.699805,0.26695) (-3.27101,-0.7303)
(-5.09522,0.917293) (-0.199,2.786) (0.0631476,0) (-0.578053,8.09274) (-0.132674,0.545075) (0.176012,-2.89898)
(-5.09522,-0.917293) (-0.199,-2.786) (0.126295,0) (-0.578053,-8.09274) (-0.132674,-0.545075) (0.176012,2.89898)
(-4.42792,-0.645515) (-0.0994998,-2.2885) (0.189443,0) (-0.289026,-6.64761) (0.699805,-0.26695) (-3.27101,0.7303)
(-4.42792,0.645515) (-0.0994998,2.2885) (0,0) (-0.295309,6.79212) (0.64997,0.362661) (-3.11212,-1.18627)
(-5.09522,0.917293) (-0.199,2.786) (0.0631476,0) (-0.59062,8.26867) (-0.223205,0.507028) (0.672183,-2.78817)
(-5.09522,-0.917293) (-0.199,-2.786) (0.126295,0) (-0.59062,-8.26867) (-0.223205,-0.507028) (0.672183,2.78817)
(-4.42792,-0.645515) (-0.0994998,-2.2885) (0.189443,0) (-0.295309,-6.79212) (0.64997,-0.362661) (-3.11212,1.18627)
(-4.42792,0.645515) (-0.0994998,2.2885) (0,0) (-0.301592,6.93664) (0.587266,0.449649) (-2.89063,-1.61192)
(-5.09522,0.917293) (-0.199,2.786) (0.0631476,0) (-0.603186,8.4446) (-0.304648,0.45439) (1.13544,-2.59467)
(-5.09522,-0.917293) (-0.199,-2.786) (0.126295,0) (-0.603186,-8.4446) (-0.304648,-0.45439) (1.13544,2.59467)
(-4.42792,-0.645515) (-0.0994998,-2.2885) (0.189443,0) (-0.301592,-6.93664) (0.587266,-0.449649) (-2.89063,1.61192)
(-4.42792,0.645515) (-0.0994998,2.2885) (0,0) (-0.307876,7.08115) (0.513156,0.526218) (-2.6119,-1.9988)
(-5.09522,0.917293) (-0.199,2.786) (0.0631476,0) (-0.615753,8.62053) (-0.374736,0.389135) (1.55241,-2.32647)
(-5.09522,-0.917293) (-0.199,-2.786) (0.126295,0) (-0.615753,-8.62053) (-0.374736,-0.389135) (1.55241,2.32647)
(-4.42792,-0.645515) (-0.0994998,-2.2885) (0.189443,0) (-0.307876,-7.08115) (0.513156,-0.526218) (-2.6119,1.9988)
(-4.42792,0.645515) (-0.0994998,2.2885) (0,0) (-0.314159,7.22566) (0.42932,0.590909) (-2.28244,-2.33937)
(-5.09522,0.917293) (-0.199,2.786) (0.0631476,0) (-0.628319,8.79646) (-0.431601,0.313575) (1.91146,-1.99364)
(-5.09522,-0.917293) (-0.199,-2.786) (0.126295,0) (-0.628319,-8.79646) (-0.431601,-0.313575) (1.91146,1.99364)
(-4.42792,-0.645515) (-0.0994998,-2.2885) (0.189443,0) (-0.314159,-7.22566) (0.42932,-0.590909) (-2.28244,2.33937)
(-4.42792,0.645515) (-0.0994998,2.2885) (0,0) (-0.320442,7.37018) (0.33762,0.642526) (-1.90971,-2.62712)
(-5.09522,0.917293) (-0.199,2.786) (0.0631476,0) (-0.640885,8.97239) (-0.47383,0.230283) (2.20303,-1.60798)
(-5.09522,-0.917293) (-0.199,-2.786) (0.126295,0) (-0.640885,-8.97239) (-0.47383,-0.230283) (2.20303,1.60798)
(-4.42792,-0.645515) (-0.0994998,-2.2885) (0.189443,0) (-0.320442,-7.37018) (0.33762,-0.642526) (-1.90971,2.62712)
(-4.42792,0.645515) (-0.0994998,2.2885) (0,0) (-0.326725,7.51469) (0.240056,0.680162) (-1.50201,-2.85675)
(-5.09522,0.917293) (-0.199,2.786) (0.0631476,0) (-0.653452,9.14832) (-0.500492,0.142001) (2.41986,-1.18263)
(-5.09522,-0.917293) (-0.199,-2.786) (0.126295,0) (-0.653452,-9.14832) (-0.500492,-0.142001) (2.41986,1.18263)
(-4.42792,-0.645515) (-0.0994998,-2.2885) (0.189443,0) (-0.326725,-7.51469) (0.240056,-0.680162) (-1.50201,2.85675)
(-4.42792,0.645515) (-0.0994998,2.2885) (0,0) (-0.333008,7.6592) (0.138729,0.703211) (-1.06821,-3.02421)
(-5.09522,0.917293) (-0.199,2.786) (0.0631476,0) (-0.666018,9.32425) (-0.511156,0.0515598) (2.55716,-0.731589)
(-5.09522,-0.917293) (-0.199,-2.786) (0.126295,0) (-0.666018,-9.32425) (-0.511156,-0.0515598) (2.55716,0.731589)
(-4.42792,-0.645515) (-0.0994998,-2.2885) (0.189443,0) (-0.333008,-7.6592) (0.138729,-0.703211) (-1.06821,3.02421)
(-4.42792,0.645515) (-0.0994998,2.2885) (0,0) (-0.339291,7.80372) (0.0357875,0.711375) (-0.617667,-3.12681)
(-5.09522,0.917293) (-0.199,2.786) (0.0631476,0) (-0.678584,9.50018) (-0.505893,-0.038217) (2.61269,-0.269328)
(-5.09522,-0.917293) (-0.199,-2.786) (0.126295,0) (-0.678584,-9.50018) (-0.505893,0.038217) (2.61269,0.269328)
(-4.42792,-0.645515) (-0.0994998,-2.2885) (0.189443,0) (-0.339291,-7.80372) (0.0357875,-0.711375) (-0.617667,3.12681)
(-4.42792,0.645515) (-0.0994998,2.2885) (0,0) (-0.345575,7.94823) (-0.0666114,0.704672) (-0.159926,-3.16323)
(-5.09522,0.917293) (-0.199,2.786) (0.0631476,0) (-0.691151,9.67611) (-0.485259,-0.124594) (2.58679,0.189712)
(-5.09522,-0.917293) (-0.199,-2.786) (0.126295,0) (-0.691151,-9.67611) (-0.485259,0.124594) (2.58679,-0.189712)
(-4.42792,-0.645515) (-0.0994998,-2.2885) (0.189443,0) (-0.345575,-7.94823) (-0.0666114,-0.704672) (-0.159926,3.16323)
(-4.42792,0.645515) (-0.0994998,2.2885) (0,0) (-0.351858,8.09274) (-0.166349,0.683426) (0.295419,-3.13354)
(-5.09522,0.917293) (-0.199,2.786) (0.0631476,0) (-0.703717,9.85204) (-0.450268,-0.20501) (2.48227,0.631545)
(-5.09522,-0.917293) (-0.199,-2.786) (0.126295,0) (-0.703717,-9.85204) (-0.450268,0.20501) (2.48227,-0.631545)
(-4.42792,-0.645515) (-0.0994998,-2.2885) (0.189443,0) (-0.351858,-8.09274) (-0.166349,-0.683426) (0.295419,3.13354)
(-4.42792,0.645515) (-0.0994998,2.2885) (0,0) (-0.358141,8.23726) (-0.261388,0.64826) (0.738945,-3.03918)
(-5.09522,0.917293) (-0.199,2.786) (0.0631476,0) (-0.716284,10.028) (-0.402348,-0.277148) (2.30428,1.04306)
(-5.09522,-0.917293) (-0.199,-2.786) (0.126295,0) (-0.716284,-10.028) (-0.402348,0.277148) (2.30428,-1.04306)
(-4.42792,-0.645515) (-0.0994998,-2.2885) (0.189443,0) (-0.358141,-8.23726) (-0.261388,-0.64826) (0.738945,3.03918)
(-4.42792,0.645515) (-0.0994998,2.2885) (0,0) (-0.364424,8.38177) (-0.349815,0.600078) (1.1616,-2.88291)
(-5.09522,0.917293) (-0.199,2.786) (0.0631476,0) (-0.72885,10.2039) (-0.343289,-0.339004) (2.0601,1.4124)
(-5.09522,-0.917293) (-0.199,-2.786) (0.126295,0) (-0.72885,-10.2039) (-0.343289,0.339004) (2.0601,-1.4124)
(-4.42792,-0.645515) (-0.0994998,-2.2885) (0.189443,0) (-0.364424,-8.38177) (-0.349815,-0.600078) (1.1616,2.88291)
(-4.42792,0.645515) (-0.0994998,2.2885) (0,0) (-0.370707,8.52628) (-0.429877,0.540042) (1.55486,-2.66876)
(-5.09522,0.917293) (-0.199,2.786) (0.0631476,0) (-0.741416,10.3798) (-0.275177,-0.388936) (1.75886,1.7293)
(-5.09522,-0.917293) (-0.199,-2.786) (0.126295,0) (-0.741416,-10.3798) (-0.275177,0.388936) (1.75886,-1.7293)
(-4.42792,-0.645515) (-0.0994998,-2.2885) (0.189443,0) (-0.370707,-8.52628) (-0.429877,-0.540042) (1.55486,2.66876)
(-4.42792,0.645515) (-0.0994998,2.2885) (0,0) (-0.376991,8.6708) (-0.500016,0.469546) (1.91093,-2.40188)
(-5.09522,0.917293) (-0.199,2.786) (0.0631476,0) (-0.753983,10.5558) (-0.200323,-0.425712) (1.41119,1.98534)
(-5.09522,-0.917293) (-0.199,-2.786) (0.126295,0) (-0.753983,-10.5558) (-0.200323,0.425712) (1.41119,-1.98534)
(-4.42792,-0.645515) (-0.0994998,-2.2885) (0.189443,0) (-0.376991,-8.6708) (-0.500016,-0.469546) (1.91093,2.40188)
(-4.42792,0.645515) (-0.0994998,2.2885) (0,0) (-0.383274,8.81531) (-0.558901,0.390185) (2.2229,-2.08849)
(-5.09522,0.917293) (-0.199,2.786) (0.0631476,0) (-0.766549,10.7317) (-0.121189,-0.44853) (1.02892,2.17419)
(-5.09522,-0.917293) (-0.199,-2.786) (0.126295,0) (-0.766549,-10.7317) (-0.121189,0.44853) (1.02892,-2.17419)
(-4.42792,-0.645515) (-0.0994998,-2.2885) (0.189443,0) (-0.383274,-8.81531) (-0.558901,-0.390185) (2.2229,2.08849)
(-4.42792,0.645515) (-0.0994998,2.2885) (0,0) (-0.389557,8.95982) (-0.60545,0.303715) (2.48483,-1.73565)
(-5.09522,0.917293) (-0.199,2.786) (0.0631476,0) (-0.779115,10.9076) (-0.040306,-0.457038) (0.624606,2.29174)
(-5.09522,-0.917293) (-0.199,-2.786) (0.126295,0) (-0.779115,-10.9076) (-0.040306,0.457038) (0.624606,-2.29174)
(-4.42792,-0.645515) (-0.0994998,-2.2885) (0.189443,0) (-0.389557,-8.95982) (-0.60545,-0.303715) (2.48483,1.73565)
(-4.42792,0.645515) (-0.0994998,2.2885) (0,0) (-0.39584,9.10434) (-0.63885,0.212022) (2.69192,-1.3512)
(-5.09522,0.917293) (-0.199,2.786) (0.0631476,0) (-0.791682,11.0835) (0.0398049,-0.45133) (0.211187,2.33614)
(-5.09522,-0.917293) (-0.199,-2.786) (0.126295,0) (-0.791682,-11.0835) (0.0398049,0.45133) (0.211187,-2.33614)
(-4.42792,-0.645515) (-0.0994998,-2.2885) (0.189443,0) (-0.39584,-9.10434) (-0.63885,-0.212022) (2.69192,1.3512)
(-4.42792,0.645515) (-0.0994998,2.2885) (0,0) (-0.402123,9.24885) (-0.658573,0.117072) (2.84054,-0.943506)
(-5.09522,0.917293) (-0.199,2.786) (0.0631476,0) (-0.804248,11.2595) (0.116708,-0.431935) (-0.198442,2.30786)
(-5.09522,-0.917293) (-0.199,-2.786) (0.126295,0) (-0.804248,-11.2595) (0.116708,0.431935) (-0.198442,-2.30786)
(-4.42792,-0.645515) (-0.0994998,-2.2885) (0.189443,0) (-0.402123,-9.24885) (-0.658573,-0.117072) (2.84054,0.943506)
(-4.42792,0.645515) (-0.0994998,2.2885) (0,0) (-0.408406,9.39336) (-0.664381,0.0208787) (2.92835,-0.521317)
(-5.09522,0.917293) (-0.199,2.786) (0.0631476,0) (-0.816815,11.4354) (0.188126,-0.399785) (-0.591823,2.20956)
(-5.09522,-0.917293) (-0.199,-2.786) (0.126295,0) (-0.816815,-11.4354) (0.188126,0.399785) (-0.591823,-2.20956)
(-4.42792,-0.645515) (-0.0994998,-2.2885) (0.189443,0) (-0.408406,-9.39336) (-0.664381,-0.0208787) (2.92835,0.521317)
(-4.42792,0.645515) (-0.0994998,2.2885) (0,0) (-0.41469,9.53788) (-0.656325,-0.0745471) (2.95428,-0.0935789)
(-5.09522,0.917293) (-0.199,2.786) (0.0631476,0) (-0.829381,11.6113) (0.252007,-0.356184) (-0.957306,2.046)
(-5.09522,-0.917293) (-0.199,-2.786) (0.126295,0) (-0.829381,-11.6113) (0.252007,0.356184) (-0.957306,-2.046)
(-4.42792,-0.645515) (-0.0994998,-2.2885) (0.189443,0) (-0.41469,-9.53788) (-0.656325,0.0745471) (2.95428,0.0935789)
(-4.42792,0.645515) (-0.0994998,2.2885) (0,0) (-0.420973,9.68239) (-0.634747,-0.167234) (2.91856,0.33076)
(-5.09522,0.917293) (-0.199,2.786) (0.0631476,0) (-0.841947,11.7873) (0.306581,-0.30275) (-1.28439,1.8238)
(-5.09522,-0.917293) (-0.199,-2.786) (0.126295,0) (-0.841947,-11.7873) (0.306581,0.30275) (-1.28439,-1.8238)
(-4.42792,-0.645515) (-0.0994998,-2.2885) (0.189443,0) (-0.420973,-9.68239) (-0.634747,0.167234) (2.91856,-0.33076)
(-4.42792,0.645515) (-0.0994998,2.2885) (0,0) (-0.427256,9.8269) (-0.600264,-0.255292) (2.82272,0.742934)
(-5.09522,0.917293) (-0.199,2.786) (0.0631476,0) (-0.854514,11.9632) (0.350406,-0.241366) (-1.56399,1.55124)
(-5.09522,-0.917293) (-0.199,-2.786) (0.126295,0) (-0.854514,-11.9632) (0.350406,0.241366) (-1.56399,-1.55124)
(-4.42792,-0.645515) (-0.0994998,-2.2885) (0.189443,0) (-0.427256,-9.8269) (-0.600264,0.255292) (2.82272,-0.742934)
(-4.42792,0.645515) (-0.0994998,2.2885) (0,0) (-0.433539,9.97142) (-0.553752,-0.336952) (2.66948,1.13454)
(-5.09522,0.917293) (-0.199,2.786) (0.0631476,0) (-0.86708,12.1391) (0.382406,-0.17411) (-1.78873,1.23791)
(-5.09522,-0.917293) (-0.199,-2.786) (0.126295,0) (-0.86708,-12.1391) (0.382406,0.17411) (-1.78873,-1.23791)
(-4.42792,-0.645515) (-0.0994998,-2.2885) (0.189443,0) (-0.433539,-9.97142) (-0.553752,0.336952) (2.66948,-1.13454)
(-4.42792,0.645515) (-0.0994998,2.2885) (0,0) (-0.439822,10.1159) (-0.496327,-0.410597) (2.46274,1.49771)
(-5.09522,0.917293) (-0.199,2.786) (0.0631476,0) (-0.879646,12.315) (0.401894,-0.103188) (-1.95309,0.894419)
(-5.09522,-0.917293) (-0.199,-2.786) (0.126295,0) (-0.879646,-12.315) (0.401894,0.103188) (-1.95309,-0.894419)
(-4.42792,-0.645515) (-0.0994998,-2.2885) (0.189443,0) (-0.439822,-10.1159) (-0.496327,0.410597) (2.46274,-1.49771)
(-4.42792,0.645515) (-0.0994998,2.2885) (0,0) (-0.446105,10.2604) (-0.429316,-0.474801) (2.20747,1.82525)
(-5.09522,0.917293) (-0.199,2.786) (0.0631476,0) (-0.892213,12.491) (0.408584,-0.0308639) (-2.05351,0.53205)
(-5.09522,-0.917293) (-0.199,-2.786) (0.126295,0) (-0.892213,-12.491) (0.408584,0.0308639) (-2.05351,-0.53205)
(-4.42792,-0.645515) (-0.0994998,-2.2885) (0.189443,0) (-0.446105,-10.2604) (-0.429316,0.474801) (2.20747,-1.82525)
(-4.42792,0.645515) (-0.0994998,2.2885) (0,0) (-0.452389,10.405) (-0.354232,-0.528348) (1.90957,2.11082)
(-5.09522,0.917293) (-0.199,2.786) (0.0631476,0) (-0.904779,12.6669) (0.402588,0.0406106) (-2.08853,0.162371)
(-5.09522,-0.917293) (-0.199,-2.786) (0.126295,0) (-0.904779,-12.6669) (0.402588,-0.0406106) (-2.08853,-0.162371)
(-4.42792,-0.645515) (-0.0994998,-2.2885) (0.189443,0) (-0.452389,-10.405) (-0.354232,0.528348) (1.90957,-2.11082)
(-4.42792,0.645515) (-0.0994998,2.2885) (0,0) (-0.458672,10.5495) (-0.272733,-0.570259) (1.57575,2.34901)
(-5.09522,0.917293) (-0.199,2.786) (0.0631476,0) (-0.917346,12.8428) (0.384405,0.109067) (-2.05867,-0.203107)
(-5.09522,-0.917293) (-0.199,-2.786) (0.126295,0) (-0.917346,-12.8428) (0.384405,-0.109067) (-2.05867,0.203107)
(-4.42792,-0.645515) (-0.0994998,-2.2885) (0.189443,0) (-0.458672,-10.5495) (-0.272733,0.570259) (1.57575,-2.34901)
(-4.42792,0.645515) (-0.0994998,2.2885) (0,0) (-0.464955,10.694) (-0.18659,-0.599811) (1.21339,2.53547)
(-5.09522,0.917293) (-0.199,2.786) (0.0631476,0) (-0.929912,13.0188) (0.354894,0.172482) (-1.96648,-0.553291)
(-5.09522,-0.917293) (-0.199,-2.786) (0.126295,0) (-0.929912,-13.0188) (0.354894,-0.172482) (-1.96648,0.553291)
(-4.42792,-0.645515) (-0.0994998,-2.2885) (0.189443,0) (-0.464955,-10.694) (-0.18659,0.599811) (1.21339,-2.53547)
(-4.42792,0.645515) (-0.0994998,2.2885) (0,0) (-0.471238,10.8385) (-0.0976506,-0.616544) (0.830377,2.66697)
(-5.09522,0.917293) (-0.199,2.786) (0.0631476,0) (-0.942478,13.1947) (0.315242,0.229038) (-1.81632,-0.87783)
(-5.09522,-0.917293) (-0.199,-2.786) (0.126295,0) (-0.942478,-13.1947) (0.315242,-0.229038) (-1.81632,0.87783)
(-4.42792,-0.645515) (-0.0994998,-2.2885) (0.189443,0) (-0.471238,-10.8385) (-0.0976506,0.616544) (0.830377,-2.66697)
(-4.42792,0.645515) (-0.0994998,2.2885) (0,0) (-0.477521,10.983) (-0.00779459,-0.62027) (0.434907,2.74148)
(-5.09522,0.917293) (-0.199,2.786) (0.0631476,0) (-0.955045,13.3706) (0.266913,0.277172) (-1.61423,-1.16741)
(-5.09522,-0.917293) (-0.199,-2.786) (0.126295,0) (-0.955045,-13.3706) (0.266913,-0.277172) (-1.61423,1.16741)
(-4.42792,-0.645515) (-0.0994998,-2.2885) (0.189443,0) (-0.477521,-10.983) (-0.00779459,0.62027) (0.434907,-2.74148)
(-4.42792,0.645515) (-0.0994998,2.2885) (0,0) (-0.483805,11.1275) (0.0811011,-0.611075) (0.035349,2.75815)
(-5.09522,0.917293) (-0.199,2.786) (0.0631476,0) (-0.967611,13.5466) (0.211606,0.315619) (-1.36769,-1.41404)
(-5.09522,-0.917293) (-0.199,-2.786) (0.126295,0) (-0.967611,-13.5466) (0.211606,-0.315619) (-1.36769,1.41404)
(-4.42792,-0.645515) (-0.0994998,-2.2885) (0.189443,0) (-0.483805,-11.1275) (0.0811011,0.611075) (0.035349,-2.75815)
(-4.42792,0.645515) (-0.0994998,2.2885) (0,0) (-0.490088,11.272) (0.167203,-0.589312) (-0.359954,2.71736)
(-5.09522,0.917293) (-0.199,2.786) (0.0631476,0) (-0.980177,13.7225) (0.151187,0.34344) (-1.08537,-1.61122)
(-5.09522,-0.917293) (-0.199,-2.786) (0.126295,0) (-0.980177,-13.7225) (0.151187,-0.34344) (-1.08537,1.61122)
(-4.42792,-0.645515) (-0.0994998,-2.2885) (0.189443,0) (-0.490088,-11.272) (0.167203,0.589312) (-0.359954,-2.71736)
(-4.42792,0.645515) (-0.0994998,2.2885) (0,0) (-0.496371,11.4165) (0.24876,-0.555588) (-0.742848,2.62068)
(-5.09522,0.917293) (-0.199,2.786) (0.0631476,0) (-0.992744,13.8984) (0.0876356,0.360047) (-0.776791,-1.75413)
(-5.09522,-0.917293) (-0.199,-2.786) (0.126295,0) (-0.992744,-13.8984) (0.0876356,-0.360047) (-0.776791,1.75413)
(-4.42792,-0.645515) (-0.0994998,-2.2885) (0.189443,0) (-0.496371,-11.4165) (0.24876,0.555588) (-0.742848,-2.62068)
(-4.42792,0.645515) (-0.0994998,2.2885) (0,0) (-0.502654,11.5611) (0.324134,-0.510753) (-1.10554,2.47081)
(-5.09522,0.917293) (-0.199,2.786) (0.0631476,0) (-1.00531,14.0743) (0.0229758,0.365209) (-0.452071,-1.83975)
(-5.09522,-0.917293) (-0.199,-2.786) (0.126295,0) (-1.00531,-14.0743) (0.0229758,-0.365209) (-0.452071,1.83975)
(-4.42792,-0.645515) (-0.0994998,-2.2885) (0.189443,0) (-0.502654,-11.5611) (0.324134,0.510753) (-1.10554,-2.47081)
(-4.42792,0.645515) (-0.0994998,2.2885) (0,0) (-0.508937,11.7056) (0.39184,-0.455877) (-1.44076,2.27153)
(-5.09522,0.917293) (-0.199,2.786) (0.0631476,0) (-1.01788,14.2503) (-0.0407831,0.359053) (-0.121558,-1.86686)
(-5.09522,-0.917293) (-0.199,-2.786) (0.126295,0) (-1.01788,-14.2503) (-0.0407831,-0.359053) (-0.121558,1.86686)
(-4.42792,-0.645515) (-0.0994998,-2.2885) (0.189443,0) (-0.508937,-11.7056) (0.39184,0.455877) (-1.44076,-2.27153)
(-4.42792,0.645515) (-0.0994998,2.2885) (0,0) (-0.51522,11.8501) (0.450567,-0.392224) (-1.74189,2.02758)
(-5.09522,0.917293) (-0.199,2.786) (0.0631476,0) (-1.03044,14.4262) (-0.10171,0.342047) (0.204477,-1.8361)
(-5.09522,-0.917293) (-0.199,-2.786) (0.126295,0) (-1.03044,-14.4262) (-0.10171,-0.342047) (0.204477,1.8361)
(-4.42792,-0.645515) (-0.0994998,-2.2885) (0.189443,0) (-0.51522,-11.8501) (0.450567,0.392224) (-1.74189,-2.02758)
(-4.42792,0.645515) (-0.0994998,2.2885) (0,0) (-0.521504,11.9946) (0.499208,-0.321224) (-2.0031,1.7446)
(-5.09522,0.917293) (-0.199,2.786) (0.0631476,0) (-1.04301,14.6021) (-0.158008,0.314983) (0.516154,-1.74985)
(-5.09522,-0.917293) (-0.199,-2.786) (0.126295,0) (-1.04301,-14.6021) (-0.158008,-0.314983) (0.516154,1.74985)
(-4.42792,-0.645515) (-0.0994998,-2.2885) (0.189443,0) (-0.521504,-11.9946) (0.499208,0.321224) (-2.0031,-1.7446)
(-4.42792,0.645515) (-0.0994998,2.2885) (0,0) (-0.527787,12.1391) (0.53688,-0.244444) (-2.21947,1.42894)
(-5.09522,0.917293) (-0.199,2.786) (0.0631476,0) (-1.05558,14.7781) (-0.208067,0.278938) (0.80428,-1.61211)
(-5.09522,-0.917293) (-0.199,-2.786) (0.126295,0) (-1.05558,-14.7781) (-0.208067,-0.278938) (0.80428,1.61211)
(-4.42792,-0.645515) (-0.0994998,-2.2885) (0.189443,0) (-0.527787,-12.1391) (0.53688,0.244444) (-2.21947,-1.42894)
(-4.42792,0.645515) (-0.0994998,2.2885) (0,0) (-0.53407,12.2836) (0.562938,-0.163548) (-2.38707,1.08756)
(-5.09522,0.917293) (-0.199,2.786) (0.0631476,0) (-1.06814,14.954) (-0.250508,0.235241) (1.06061,-1.4284)
(-5.09522,-0.917293) (-0.199,-2.786) (0.126295,0) (-1.06814,-14.954) (-0.250508,-0.235241) (1.06061,1.4284)
(-4.42792,-0.645515) (-0.0994998,-2.2885) (0.189443,0) (-0.53407,-12.2836) (0.562938,0.163548) (-2.38707,-1.08756)
(-4.42792,0.645515) (-0.0994998,2.2885) (0,0) (-0.540353,12.4281) (0.576986,-0.0802683) (-2.50304,0.727875)
(-5.09522,0.917293) (-0.199,2.786) (0.0631476,0) (-1.08071,15.1299) (-0.28422,0.185421) (1.27808,-1.20547)
(-5.09522,-0.917293) (-0.199,-2.786) (0.126295,0) (-1.08071,-15.1299) (-0.28422,-0.185421) (1.27808,1.20547)
(-4.42792,-0.645515) (-0.0994998,-2.2885) (0.189443,0) (-0.540353,-12.4281) (0.576986,0.0802683) (-2.50304,-0.727875)
(-4.42792,0.645515) (-0.0994998,2.2885) (0,0) (-0.546636,12.5727) (0.578882,0.00363767) (-2.56559,0.35757)
(-5.09522,0.917293) (-0.199,2.786) (0.0631476,0) (-1.09327,15.3058) (-0.308386,0.131155) (1.45099,-0.951144)
(-5.09522,-0.917293) (-0.199,-2.786) (0.126295,0) (-1.09327,-15.3058) (-0.308386,-0.131155) (1.45099,0.951144)
(-4.42792,-0.645515) (-0.0994998,-2.2885) (0.189443,0) (-0.546636,-12.5727) (0.578882,-0.00363767) (-2.56559,-0.35757)
(-4.42792,0.645515) (-0.0994998,2.2885) (0,0) (-0.552919,12.7172) (0.56874,0.0864203) (-2.57412,-0.0155328)
(-5.09522,0.917293) (-0.199,2.786) (0.0631476,0) (-1.10584,15.4818) (-0.322503,0.0742173) (1.57514,-0.673983)
(-5.09522,-0.917293) (-0.199,-2.786) (0.126295,0) (-1.10584,-15.4818) (-0.322503,-0.0742173) (1.57514,0.673983)
(-4.42792,-0.645515) (-0.0994998,-2.2885) (0.189443,0) (-0.552919,-12.7172) (0.56874,-0.0864203) (-2.57412,0.0155328)
(-4.42792,0.645515) (-0.0994998,2.2885) (0,0) (-0.559203,12.8617) (0.546918,0.166375) (-2.52911,-0.383654)
(-5.09522,0.917293) (-0.199,2.786) (0.0631476,0) (-1.11841,15.6577) (-0.326387,0.0164187) (1.64795,-0.383049)
(-5.09522,-0.917293) (-0.199,-2.786) (0.126295,0) (-1.11841,-15.6577) (-0.326387,-0.0164187) (1.64795,0.383049)
(-4.42792,-0.645515) (-0.0994998,-2.2885) (0.189443,0) (-0.559203,-12.8617) (0.546918,-0.166375) (-2.52911,0.383654)
(-4.42792,0.645515) (-0.0994998,2.2885) (0,0) (-0.565486,13.0062) (0.514018,0.241879) (-2.43217,-0.739215)
(-5.09522,0.917293) (-0.199,2.786) (0.0631476,0) (-1.13097,15.8336) (-0.320174,-0.0404485) (1.66846,-0.0875992)
(-5.09522,-0.917293) (-0.199,-2.786) (0.126295,0) (-1.13097,-15.8336) (-0.320174,0.0404485) (1.66846,0.0875992)
(-4.42792,-0.645515) (-0.0994998,-2.2885) (0.189443,0) (-0.565486,-13.0062) (0.514018,-0.241879) (-2.43217,0.739215)
(-4.42792,0.645515) (-0.0994998,2.2885) (0,0) (-0.571769,13.1507) (0.470859,0.311419) (-2.28595,-1.07499)
(-5.09522,0.917293) (-0.199,2.786) (0.0631476,0) (-1.14354,16.0096) (-0.304304,-0.0946649) (1.63733,0.203202)
(-5.09522,-0.917293) (-0.199,-2.786) (0.126295,0) (-1.14354,-16.0096) (-0.304304,0.0946649) (1.63733,-0.203202)
(-4.42792,-0.645515) (-0.0994998,-2.2885) (0.189443,0) (-0.571769,-13.1507) (0.470859,-0.311419) (-2.28595,1.07499)
(-4.42792,0.645515) (-0.0994998,2.2885) (0,0) (-0.578052,13.2952) (0.418465,0.373626) (-2.09411,-1.38426)
(-5.09522,0.917293) (-0.199,2.786) (0.0631476,0) (-1.15611,16.1855) (-0.279504,-0.144635) (1.55681,0.48056)
(-5.09522,-0.917293) (-0.199,-2.786) (0.126295,0) (-1.15611,-16.1855) (-0.279504,0.144635) (1.55681,-0.48056)
(-4.42792,-0.645515) (-0.0994998,-2.2885) (0.189443,0) (-0.578052,-13.2952) (0.418465,-0.373626) (-2.09411,1.38426)
(-4.42792,0.645515) (-0.0994998,2.2885) (0,0) (-0.584335,13.4397) (0.35804,0.427302) (-1.8612,-1.66094)
(-5.09522,0.917293) (-0.199,2.786) (0.0631476,0) (-1.16867,16.3614) (-0.246755,-0.188933) (1.43058,0.736308)
(-5.09522,-0.917293) (-0.199,-2.786) (0.126295,0) (-1.16867,-16.3614) (-0.246755,0.188933) (1.43058,-0.736308)
(-4.42792,-0.645515) (-0.0994998,-2.2885) (0.189443,0) (-0.584335,-13.4397) (0.35804,-0.427302) (-1.8612,1.66094)
(-4.42792,0.645515) (-0.0994998,2.2885) (0,0) (-0.590619,13.5842) (0.290938,0.471438) (-1.59257,-1.89969)
(-5.09522,0.917293) (-0.199,2.786) (0.0631476,0) (-1.18124,16.5373) (-0.207258,-0.226342) (1.26364,0.963147)
(-5.09522,-0.917293) (-0.199,-2.786) (0.126295,0) (-1.18124,-16.5373) (-0.207258,0.226342) (1.26364,-0.963147)
(-4.42792,-0.645515) (-0.0994998,-2.2885) (0.189443,0) (-0.590619,-13.5842) (0.290938,-0.471438) (-1.59257,1.89969)
(-4.42792,0.645515) (-0.0994998,2.2885) (0,0) (-0.596902,13.7288) (0.218635,0.505238) (-1.29424,-2.09602)
(-5.09522,0.917293) (-0.199,2.786) (0.0631476,0) (-1.19381,16.7133) (-0.16239,-0.255887) (1.06214,1.15484)
(-5.09522,-0.917293) (-0.199,-2.786) (0.126295,0) (-1.19381,-16.7133) (-0.16239,0.255887) (1.06214,-1.15484)
(-4.42792,-0.645515) (-0.0994998,-2.2885) (0.189443,0) (-0.596902,-13.7288) (0.218635,-0.505238) (-1.29424,2.09602)
(-4.42792,0.645515) (-0.0994998,2.2885) (0,0) (-0.603185,13.8733) (0.142697,0.528128) (-0.972767,-2.2464)
(-5.09522,0.917293) (-0.199,2.786) (0.0631476,0) (-1.20637,16.8892) (-0.11366,-0.276858) (0.833081,1.3064)
(-5.09522,-0.917293) (-0.199,-2.786) (0.126295,0) (-1.20637,-16.8892) (-0.11366,0.276858) (0.833081,-1.3064)
(-4.42792,-0.645515) (-0.0994998,-2.2885) (0.189443,0) (-0.603185,-13.8733) (0.142697,-0.528128) (-0.972767,2.2464)
(-4.42792,0.645515) (-0.0994998,2.2885) (0,0) (-0.609468,14.0178) (0.0647456,0.539771) (-0.635119,-2.34827)
(-5.09522,0.917293) (-0.199,2.786) (0.0631476,0) (-1.21894,17.0651) (-0.0626562,-0.288826) (0.584185,1.41416)
(-5.09522,-0.917293) (-0.199,-2.786) (0.126295,0) (-1.21894,-17.0651) (-0.0626562,0.288826) (0.584185,-1.41416)
(-4.42792,-0.645515) (-0.0994998,-2.2885) (0.189443,0) (-0.609468,-14.0178) (0.0647456,-0.539771) (-0.635119,2.34827)
(-4.42792,0.645515) (-0.0994998,2.2885) (0,0) (-0.615751,14.1623) (-0.0135766,0.540064) (-0.288504,-2.40013)
(-5.09522,0.917293) (-0.199,2.786) (0.0631476,0) (-1.23151,17.2411) (-0.0109989,-0.291646) (0.323566,1.47591)
(-5.09522,-0.917293) (-0.199,-2.786) (0.126295,0) (-1.23151,-17.2411) (-0.0109989,0.291646) (0.323566,-1.47591)
(-4.42792,-0.645515) (-0.0994998,-2.2885) (0.189443,0) (-0.615751,-14.1623) (-0.0135766,-0.540064) (-0.288504,2.40013)
(-4.42792,0.645515) (-0.0994998,2.2885) (0,0) (-0.622034,14.3068) (-0.0906388,0.529144) (0.0597712,-2.40152)
(-5.09522,0.917293) (-0.199,2.786) (0.0631476,0) (-1.24407,17.417) (0.0397134,-0.285459) (0.059501,1.49091)
(-5.09522,-0.917293) (-0.199,-2.786) (0.126295,0) (-1.24407,-17.417) (0.0397134,0.285459) (0.059501,-1.49091)
(-4.42792,-0.645515) (-0.0994998,-2.2885) (0.189443,0) (-0.622034,-14.3068) (-0.0906388,-0.529144) (0.0597712,2.40152)
(-4.42792,0.645515) (-0.0994998,2.2885) (0,0) (-0.628318,14.4513) (-0.164857,0.507378) (0.402456,-2.35305)
(-5.09522,0.917293) (-0.199,2.786) (0.0631476,0) (-1.25664,17.5929) (0.0879502,-0.270679) (-0.199833,1.45985)
(-5.09522,-0.917293) (-0.199,-2.786) (0.126295,0) (-1.25664,-17.5929) (0.0879502,0.270679) (-0.199833,-1.45985)
(-4.42792,-0.645515) (-0.0994998,-2.2885) (0.189443,0) (-0.628318,-14.4513) (-0.164857,-0.507378) (0.402456,2.35305)
(-4.42792,0.645515) (-0.0994998,2.2885) (0,0) (-0.634601,14.5958) (-0.234727,0.475351) (0.732508,-2.25634)
(-5.09522,0.917293) (-0.199,2.786) (0.0631476,0) (-1.2692,17.7689) (0.132295,-0.247972) (-0.446608,1.38483)
(-5.09522,-0.917293) (-0.199,-2.786) (0.126295,0) (-1.2692,-17.7689) (0.132295,0.247972) (-0.446608,-1.38483)
(-4.42792,-0.645515) (-0.0994998,-2.2885) (0.189443,0) (-0.634601,-14.5958) (-0.234727,-0.475351) (0.732508,2.25634)
(-4.42792,0.645515) (-0.0994998,2.2885) (0,0) (-0.640884,14.7404) (-0.298853,0.433859) (1.04323,-2.11401)
(-5.09522,0.917293) (-0.199,2.786) (0.0631476,0) (-1.28177,17.9448) (0.171485,-0.21823) (-0.673573,1.26923)
(-5.09522,-0.917293) (-0.199,-2.786) (0.126295,0) (-1.28177,-17.9448) (0.171485,0.21823) (-0.673573,-1.26923)
(-4.42792,-0.645515) (-0.0994998,-2.2885) (0.189443,0) (-0.640884,-14.7404) (-0.298853,-0.433859) (1.04323,2.11401)
(-4.42792,0.645515) (-0.0994998,2.2885) (0,0) (-0.647167,14.8849) (-0.355974,0.383879) (1.32843,-1.92957)
(-5.09522,0.917293) (-0.199,2.786) (0.0631476,0) (-1.29434,18.1207) (0.204448,-0.182539) (-0.874265,1.11762)
(-5.09522,-0.917293) (-0.199,-2.786) (0.126295,0) (-1.29434,-18.1207) (0.204448,0.182539) (-0.874265,-1.11762)
(-4.42792,-0.645515) (-0.0994998,-2.2885) (0.189443,0) (-0.647167,-14.8849) (-0.355974,-0.383879) (1.32843,1.92957)
(-4.42792,0.645515) (-0.0994998,2.2885) (0,0) (-0.65345,15.0294) (-0.404993,0.326555) (1.58248,-1.70739)
(-5.09522,0.917293) (-0.199,2.786) (0.0631476,0) (-1.3069,18.2966) (0.230328,-0.142141) (-1.04319,0.935519)
(-5.09522,-0.917293) (-0.199,-2.786) (0.126295,0) (-1.3069,-18.2966) (0.230328,0.142141) (-1.04319,-0.935519)
(-4.42792,-0.645515) (-0.0994998,-2.2885) (0.189443,0) (-0.65345,-15.0294) (-0.404993,-0.326555) (1.58248,1.70739)
(-4.42792,0.645515) (-0.0994998,2.2885) (0,0) (-0.659733,15.1739) (-0.444994,0.263169) (1.80052,-1.45254)
(-5.09522,0.917293) (-0.199,2.786) (0.0631476,0) (-1.31947,18.4726) (0.248508,-0.0983902) (-1.17595,0.729275)
(-5.09522,-0.917293) (-0.199,-2.786) (0.126295,0) (-1.31947,-18.4726) (0.248508,0.0983902) (-1.17595,-0.729275)
(-4.42792,-0.645515) (-0.0994998,-2.2885) (0.189443,0) (-0.659733,-15.1739) (-0.444994,-0.263169) (1.80052,1.45254)
(-4.42792,0.645515) (-0.0994998,2.2885) (0,0) (-0.666017,15.3184) (-0.475259,0.195111) (1.97847,-1.17073)
(-5.09522,0.917293) (-0.199,2.786) (0.0631476,0) (-1.33204,18.6485) (0.258622,-0.0527102) (-1.26939,0.505803)
(-5.09522,-0.917293) (-0.199,-2.786) (0.126295,0) (-1.33204,-18.6485) (0.258622,0.0527102) (-1.26939,-0.505803)
(-4.42792,-0.645515) (-0.0994998,-2.2885) (0.189443,0) (-0.666017,-15.3184) (-0.475259,-0.195111) (1.97847,1.17073)
(-4.42792,0.645515) (-0.0994998,2.2885) (0,0) (-0.6723,15.4629) (-0.495282,0.123855) (2.11312,-0.86813)
(-5.09522,0.917293) (-0.199,2.786) (0.0631476,0) (-1.3446,18.8244) (0.260561,-0.00654889) (-1.32161,0.272379)
(-5.09522,-0.917293) (-0.199,-2.786) (0.126295,0) (-1.3446,-18.8244) (0.260561,0.00654889) (-1.32161,-0.272379)
(-4.42792,-0.645515) (-0.0994998,-2.2885) (0.189443,0) (-0.6723,-15.4629) (-0.495282,-0.123855) (2.11312,0.86813)
(-4.42792,0.645515) (-0.0994998,2.2885) (0,0) (-0.678583,15.6074) (-0.504774,0.0509166) (2.20223,-0.551294)
(-5.09522,0.917293) (-0.199,2.786) (0.0631476,0) (-1.35717,19.0004) (0.254467,0.0386674) (-1.33204,0.0364022)
(-5.09522,-0.917293) (-0.199,-2.786) (0.126295,0) (-1.35717,-19.0004) (0.254467,-0.0386674) (-1.33204,-0.0364022)
(-4.42792,-0.645515) (-0.0994998,-2.2885) (0.189443,0) (-0.678583,-15.6074) (-0.504774,-0.0509166) (2.20223,0.551294)
(-4.42792,0.645515) (-0.0994998,2.2885) (0,0) (-0.684866,15.7519) (-0.50367,-0.0221673) (2.24452,-0.226972)
(-5.09522,0.917293) (-0.199,2.786) (0.0631476,0) (-1.36974,19.1763) (0.240728,0.0815766) (-1.30139,-0.194833)
(-5.09522,-0.917293) (-0.199,-2.786) (0.126295,0) (-1.36974,-19.1763) (0.240728,-0.0815766) (-1.30139,0.194833)
(-4.42792,-0.645515) (-0.0994998,-2.2885) (0.189443,0) (-0.684866,-15.7519) (-0.50367,0.0221673) (2.24452,0.226972)
(-4.42792,0.645515) (-0.0994998,2.2885) (0,0) (-0.691149,15.8965) (-0.492126,-0.0938784) (2.2397,0.098012)
(-5.09522,0.917293) (-0.199,2.786) (0.0631476,0) (-1.3823,19.3522) (0.219953,0.120921) (-1.23163,-0.414359)
(-5.09522,-0.917293) (-0.199,-2.786) (0.126295,0) (-1.3823,-19.3522) (0.219953,-0.120921) (-1.23163,0.414359)
(-4.42792,-0.645515) (-0.0994998,-2.2885) (0.189443,0) (-0.691149,-15.8965) (-0.492126,0.0938784) (2.2397,-0.098012)
(-4.42792,0.645515) (-0.0994998,2.2885) (0,0) (-0.697432,16.041) (-0.470511,-0.162746) (2.18844,0.416903)
(-5.09522,0.917293) (-0.199,2.786) (0.0631476,0) (-1.39487,19.5281) (0.192953,0.155584) (-1.12586,-0.61574)
(-5.09522,-0.917293) (-0.199,-2.786) (0.126295,0) (-1.39487,-19.5281) (0.192953,-0.155584) (-1.12586,0.61574)
(-4.42792,-0.645515) (-0.0994998,-2.2885) (0.189443,0) (-0.697432,-16.041) (-0.470511,0.162746) (2.18844,-0.416903)
(-4.42792,0.645515) (-0.0994998,2.2885) (0,0) (-0.703716,16.1855) (-0.4394,-0.227375) (2.0924,0.723158)
(-5.09522,0.917293) (-0.199,2.786) (0.0631476,0) (-1.40743,19.7041) (0.160712,0.184619) (-0.988213,-0.793255)
(-5.09522,-0.917293) (-0.199,-2.786) (0.126295,0) (-1.40743,-19.7041) (0.160712,-0.184619) (-0.988213,0.793255)
(-4.42792,-0.645515) (-0.0994998,-2.2885) (0.189443,0) (-0.703716,-16.1855) (-0.4394,0.227375) (2.0924,-0.723158)
(-4.42792,0.645515) (-0.0994998,2.2885) (0,0) (-0.709999,16.33) (-0.399557,-0.286477) (1.95413,1.01058)
(-5.09522,0.917293) (-0.199,2.786) (0.0631476,0) (-1.42,19.88) (0.124346,0.207277) (-0.823705,-0.942058)
(-5.09522,-0.917293) (-0.199,-2.786) (0.126295,0) (-1.42,-19.88) (0.124346,-0.207277) (-0.823705,0.942058)
(-4.42792,-0.645515) (-0.0994998,-2.2885) (0.189443,0) (-0.709999,-16.33) (-0.399557,0.286477) (1.95413,-1.01058)
(-4.42792,0.645515) (-0.0994998,2.2885) (0,0) (-0.716282,16.4745) (-0.351918,-0.338895) (1.77703,1.27343)
(-5.09522,0.917293) (-0.199,2.786) (0.0631476,0) (-1.43257,20.0559) (0.0850729,0.22302) (-0.63804,-1.0583)
(-5.09522,-0.917293) (-0.199,-2.786) (0.126295,0) (-1.43257,-20.0559) (0.0850729,-0.22302) (-0.63804,1.0583)
(-4.42792,-0.645515) (-0.0994998,-2.2885) (0.189443,0) (-0.716282,-16.4745) (-0.351918,0.338895) (1.77703,-1.27343)
(-4.42792,0.645515) (-0.0994998,2.2885) (0,0) (-0.722565,16.619) (-0.297569,-0.383625) (1.56525,1.50658)
(-5.09522,0.917293) (-0.199,2.786) (0.0631476,0) (-1.44513,20.2319) (0.0441675,0.23154) (-0.437433,-1.13923)
(-5.09522,-0.917293) (-0.199,-2.786) (0.126295,0) (-1.44513,-20.2319) (0.0441675,-0.23154) (-0.437433,1.13923)
(-4.42792,-0.645515) (-0.0994998,-2.2885) (0.189443,0) (-0.722565,-16.619) (-0.297569,0.383625) (1.56525,-1.50658)
(-4.42792,0.645515) (-0.0994998,2.2885) (0,0) (-0.728848,16.7635) (-0.237723,-0.419833) (1.32363,1.70553)
(-5.09522,0.917293) (-0.199,2.786) (0.0631476,0) (-1.4577,20.4078) (0.00292394,0.232753) (-0.228401,-1.18324)
(-5.09522,-0.917293) (-0.199,-2.786) (0.126295,0) (-1.4577,-20.4078) (0.00292394,-0.232753) (-0.228401,1.18324)
(-4.42792,-0.645515) (-0.0994998,-2.2885) (0.189443,0) (-0.728848,-16.7635) (-0.237723,0.419833) (1.32363,-1.70553)
(-4.42792,0.645515) (-0.0994998,2.2885) (0,0) (-0.735132,16.9081) (-0.17369,-0.446875) (1.05755,1.86661)
(-5.09522,0.917293) (-0.199,2.786) (0.0631476,0) (-1.47027,20.5837) (-0.0373855,0.226804) (-0.017558,-1.18991)
(-5.09522,-0.917293) (-0.199,-2.786) (0.126295,0) (-1.47027,-20.5837) (-0.0373855,-0.226804) (-0.017558,1.18991)
(-4.42792,-0.645515) (-0.0994998,-2.2885) (0.189443,0) (-0.735132,-16.9081) (-0.17369,0.446875) (1.05755,-1.86661)
(-4.42792,0.645515) (-0.0994998,2.2885) (0,0) (-0.741415,17.0526) (-0.106851,-0.464303) (0.772843,1.98692)
(-5.09522,0.917293) (-0.199,2.786) (0.0631476,0) (-1.48283,20.7596) (-0.075549,0.214053) (0.18859,-1.15995)
(-5.09522,-0.917293) (-0.199,-2.786) (0.126295,0) (-1.48283,-20.7596) (-0.075549,-0.214053) (0.18859,1.15995)
(-4.42792,-0.645515) (-0.0994998,-2.2885) (0.189443,0) (-0.741415,-17.0526) (-0.106851,0.464303) (0.772843,-1.98692)
(-4.42792,0.645515) (-0.0994998,2.2885) (0,0) (-0.747698,17.1971) (-0.0386291,-0.471877) (0.47565,2.0645)
(-5.09522,0.917293) (-0.199,2.786) (0.0631476,0) (-1.4954,20.9356) (-0.11045,0.195059) (0.383842,-1.09518)
(-5.09522,-0.917293) (-0.199,-2.786) (0.126295,0) (-1.4954,-20.9356) (-0.11045,-0.195059) (0.383842,1.09518)
(-4.42792,-0.645515) (-0.0994998,-2.2885) (0.189443,0) (-0.747698,-17.1971) (-0.0386291,0.471877) (0.47565,-2.0645)
(-4.42792,0.645515) (-0.0994998,2.2885) (0,0) (-0.753981,17.3416) (0.0295427,-0.469561) (0.172296,2.09825)
(-5.09522,0.917293) (-0.199,2.786) (0.0631476,0) (-1.50797,21.1115) (-0.141101,0.17056) (0.562487,-0.998472)
(-5.09522,-0.917293) (-0.199,-2.786) (0.126295,0) (-1.50797,-21.1115) (-0.141101,-0.17056) (0.562487,0.998472)
(-4.42792,-0.645515) (-0.0994998,-2.2885) (0.189443,0) (-0.753981,-17.3416) (0.0295427,0.469561) (0.172296,-2.09825)
(-4.42792,0.645515) (-0.0994998,2.2885) (0,0) (-0.760264,17.4861) (0.09625,-0.457528) (-0.130846,2.08803)
(-5.09522,0.917293) (-0.199,2.786) (0.0631476,0) (-1.52053,21.2874) (-0.166667,0.141443) (0.719462,-0.873565)
(-5.09522,-0.917293) (-0.199,-2.786) (0.126295,0) (-1.52053,-21.2874) (-0.166667,-0.141443) (0.719462,0.873565)
(-4.42792,-0.645515) (-0.0994998,-2.2885) (0.189443,0) (-0.760264,-17.4861) (0.09625,0.457528) (-0.130846,-2.08803)
(-4.42792,0.645515) (-0.0994998,2.2885) (0,0) (-0.766547,17.6306) (0.160126,-0.436149) (-0.427487,2.0346)
(-5.09522,0.917293) (-0.199,2.786) (0.0631476,0) (-1.5331,21.4634) (-0.186492,0.108714) (0.850496,-0.724991)
(-5.09522,-0.917293) (-0.199,-2.786) (0.126295,0) (-1.5331,-21.4634) (-0.186492,-0.108714) (0.850496,0.724991)
(-4.42792,-0.645515) (-0.0994998,-2.2885) (0.189443,0) (-0.766547,-17.6306) (0.160126,0.436149) (-0.427487,-2.0346)
(-4.42792,0.645515) (-0.0994998,2.2885) (0,0) (-0.772831,17.7751) (0.219882,-0.405984) (-0.71155,1.9396)
(-5.09522,0.917293) (-0.199,2.786) (0.0631476,0) (-1.54566,21.6393) (-0.20011,0.0734666) (0.952216,-0.557889)
(-5.09522,-0.917293) (-0.199,-2.786) (0.126295,0) (-1.54566,-21.6393) (-0.20011,-0.0734666) (0.952216,0.557889)
(-4.42792,-0.645515) (-0.0994998,-2.2885) (0.189443,0) (-0.772831,-17.7751) (0.219882,0.405984) (-0.71155,-1.9396)
(-4.42792,0.645515) (-0.0994998,2.2885) (0,0) (-0.779114,17.9196) (0.274327,-0.367769) (-0.977297,1.80553)
(-5.09522,0.917293) (-0.199,2.786) (0.0631476,0) (-1.55823,21.8152) (-0.207259,0.0368428) (1.02223,-0.377839)
(-5.09522,-0.917293) (-0.199,-2.786) (0.126295,0) (-1.55823,-21.8152) (-0.207259,-0.0368428) (1.02223,0.377839)
(-4.42792,-0.645515) (-0.0994998,-2.2885) (0.189443,0) (-0.779114,-17.9196) (0.274327,0.367769) (-0.977297,-1.80553)
(-4.42792,0.645515) (-0.0994998,2.2885) (0,0) (-0.785397,18.0642) (0.322398,-0.322397) (-1.21944,1.63566)
(-5.09522,0.917293) (-0.199,2.786) (0.0631476,0) (-1.5708,21.9912) (-0.207879,-1.03025e-06) (1.05919,-0.190681)
(-5.09522,-0.917293) (-0.199,-2.786) (0.126295,0) (-1.5708,-21.9912) (-0.207879,1.03025e-06) (1.05919,0.190681)
(-4.42792,-0.645515) (-0.0994998,-2.2885) (0.189443,0) (-0.785397,-18.0642) (0.322398,0.322397) (-1.21944,-1.63566)
(-4.42792,0.645515) (-0.0994998,2.2885) (0,0) (-0.79168,18.2087) (0.363177,-0.2709) (-1.43325,1.43396)
(-5.09522,0.917293) (-0.199,2.786) (0.0631476,0) (-1.58336,22.1671) (-0.202115,-0.0359303) (1.06278,-0.0023253)
(-5.09522,-0.917293) (-0.199,-2.786) (0.126295,0) (-1.58336,-22.1671) (-0.202115,0.0359303) (1.06278,0.0023253)
(-4.42792,-0.645515) (-0.0994998,-2.2885) (0.189443,0) (-0.79168,-18.2087) (0.363177,0.2709) (-1.43325,-1.43396)
(-4.42792,0.645515) (-0.0994998,2.2885) (0,0) (-0.797963,18.3532) (0.395908,-0.214424) (-1.61464,1.20502)
(-5.09522,0.917293) (-0.199,2.786) (0.0631476,0) (-1.59593,22.343) (-0.1903,-0.0698669) (1.03371,0.181427)
(-5.09522,-0.917293) (-0.199,-2.786) (0.126295,0) (-1.59593,-22.343) (-0.1903,0.0698669) (1.03371,-0.181427)
(-4.42792,-0.645515) (-0.0994998,-2.2885) (0.189443,0) (-0.797963,-18.3532) (0.395908,0.214424) (-1.61464,-1.20502)
(-4.42792,0.645515) (-0.0994998,2.2885) (0,0) (-0.804246,18.4977) (0.420013,-0.154201) (-1.76025,0.953917)
(-5.09522,0.917293) (-0.199,2.786) (0.0631476,0) (-1.6085,22.5189) (-0.172947,-0.10082) (0.973685,0.355059)
(-5.09522,-0.917293) (-0.199,-2.786) (0.126295,0) (-1.6085,-22.5189) (-0.172947,0.10082) (0.973685,-0.355059)
(-4.42792,-0.645515) (-0.0994998,-2.2885) (0.189443,0) (-0.804246,-18.4977) (0.420013,0.154201) (-1.76025,-0.953917)
(-4.42792,0.645515) (-0.0994998,2.2885) (0,0) (-0.81053,18.6422) (0.435099,-0.0915307) (-1.8675,0.686154)
(-5.09522,0.917293) (-0.199,2.786) (0.0631476,0) (-1.62106,22.6949) (-0.150725,-0.127916) (0.885316,0.513502)
(-5.09522,-0.917293) (-0.199,-2.786) (0.126295,0) (-1.62106,-22.6949) (-0.150725,0.127916) (0.885316,-0.513502)
(-4.42792,-0.645515) (-0.0994998,-2.2885) (0.189443,0) (-0.81053,-18.6422) (0.435099,0.0915307) (-1.8675,-0.686154)
(-4.42792,0.645515) (-0.0994998,2.2885) (0,0) (-0.816813,18.7867) (0.440966,-0.0277428) (-1.93465,0.407493)
(-5.09522,0.917293) (-0.199,2.786) (0.0631476,0) (-1.63363,22.8708) (-0.124437,-0.15042) (0.772013,0.652278)
(-5.09522,-0.917293) (-0.199,-2.786) (0.126295,0) (-1.63363,-22.8708) (-0.124437,0.15042) (0.772013,-0.652278)
(-4.42792,-0.645515) (-0.0994998,-2.2885) (0.189443,0) (-0.816813,-18.7867) (0.440966,0.0277428) (-1.93465,-0.407493)
(-4.42792,0.645515) (-0.0994998,2.2885) (0,0) (-0.823096,18.9312) (0.437606,0.0358245) (-1.96081,0.123853)
(-5.09522,0.917293) (-0.199,2.786) (0.0631476,0) (-1.6462,23.0467) (-0.0949881,-0.167756) (0.637867,0.767623)
(-5.09522,-0.917293) (-0.199,-2.786) (0.126295,0) (-1.6462,-23.0467) (-0.0949881,0.167756) (0.637867,-0.767623)
(-4.42792,-0.645515) (-0.0994998,-2.2885) (0.189443,0) (-0.823096,-18.9312) (0.437606,-0.0358245) (-1.96081,-0.123853)
(-4.42792,0.645515) (-0.0994998,2.2885) (0,0) (-0.829379,19.0758) (0.425206,0.0978543) (-1.94594,-0.158815)
(-5.09522,0.917293) (-0.199,2.786) (0.0631476,0) (-1.65876,23.2227) (-0.0633594,-0.179522) (0.487504,0.856584)
(-5.09522,-0.917293) (-0.199,-2.786) (0.126295,0) (-1.65876,-23.2227) (-0.0633594,0.179522) (0.487504,-0.856584)
(-4.42792,-0.645515) (-0.0994998,-2.2885) (0.189443,0) (-0.829379,-19.0758) (0.425206,-0.0978543) (-1.94594,0.158815)
(-4.42792,0.645515) (-0.0994998,2.2885) (0,0) (-0.835662,19.2203) (0.404134,0.157078) (-1.89087,-0.434657)
(-5.09522,0.917293) (-0.199,2.786) (0.0631476,0) (-1.67133,23.3986) (-0.0305744,-0.185494) (0.325936,0.917089)
(-5.09522,-0.917293) (-0.199,-2.786) (0.126295,0) (-1.67133,-23.3986) (-0.0305744,0.185494) (0.325936,-0.917089)
(-4.42792,-0.645515) (-0.0994998,-2.2885) (0.189443,0) (-0.835662,-19.2203) (0.404134,-0.157078) (-1.89087,0.434657)
(-4.42792,0.645515) (-0.0994998,2.2885) (0,0) (-0.841946,19.3648) (0.374937,0.212303) (-1.79724,-0.698032)
(-5.09522,0.917293) (-0.199,2.786) (0.0631476,0) (-1.68389,23.5745) (0.00233387,-0.185635) (0.15839,0.947991)
(-5.09522,-0.917293) (-0.199,-2.786) (0.126295,0) (-1.68389,-23.5745) (0.00233387,0.185635) (0.15839,-0.947991)
(-4.42792,-0.645515) (-0.0994998,-2.2885) (0.189443,0) (-0.841946,-19.3648) (0.374937,-0.212303) (-1.79724,0.698032)
(-4.42792,0.645515) (-0.0994998,2.2885) (0,0) (-0.848229,19.5093) (0.338323,0.26243) (-1.66747,-0.94363)
(-5.09522,0.917293) (-0.199,2.786) (0.0631476,0) (-1.69646,23.7504) (0.0343538,-0.180084) (-0.00985063,0.949079)
(-5.09522,-0.917293) (-0.199,-2.786) (0.126295,0) (-1.69646,-23.7504) (0.0343538,0.180084) (-0.00985063,-0.949079)
(-4.42792,-0.645515) (-0.0994998,-2.2885) (0.189443,0) (-0.848229,-19.5093) (0.338323,-0.26243) (-1.66747,0.94363)
(-4.42792,0.645515) (-0.0994998,2.2885) (0,0) (-0.854512,19.6538) (0.295143,0.306485) (-1.50471,-1.16657)
(-5.09522,0.917293) (-0.199,2.786) (0.0631476,0) (-1.70903,23.9264) (0.0645264,-0.169152) (-0.173614,0.921058)
(-5.09522,-0.917293) (-0.199,-2.786) (0.126295,0) (-1.70903,-23.9264) (0.0645264,0.169152) (-0.173614,-0.921058)
(-4.42792,-0.645515) (-0.0994998,-2.2885) (0.189443,0) (-0.854512,-19.6538) (0.295143,-0.306485) (-1.50471,1.16657)
(-4.42792,0.645515) (-0.0994998,2.2885) (0,0) (-0.860795,19.7983) (0.246376,0.343628) (-1.31275,-1.36252)
(-5.09522,0.917293) (-0.199,2.786) (0.0631476,0) (-1.72159,24.1023) (0.0919728,-0.153309) (-0.327993,0.865509)
(-5.09522,-0.917293) (-0.199,-2.786) (0.126295,0) (-1.72159,-24.1023) (0.0919728,0.153309) (-0.327993,-0.865509)
(-4.42792,-0.645515) (-0.0994998,-2.2885) (0.189443,0) (-0.860795,-19.7983) (0.246376,-0.343628) (-1.31275,1.36252)
(-4.42792,0.645515) (-0.0994998,2.2885) (0,0) (-0.867078,19.9428) (0.193105,0.373175) (-1.09594,-1.52774)
(-5.09522,0.917293) (-0.199,2.786) (0.0631476,0) (-1.73416,24.2782) (0.11592,-0.133161) (-0.46849,0.784819)
(-5.09522,-0.917293) (-0.199,-2.786) (0.126295,0) (-1.73416,-24.2782) (0.11592,0.133161) (-0.46849,-0.784819)
(-4.42792,-0.645515) (-0.0994998,-2.2885) (0.189443,0) (-0.867078,-19.9428) (0.193105,-0.373175) (-1.09594,1.52774)
(-4.42792,0.645515) (-0.0994998,2.2885) (0,0) (-0.873361,20.0873) (0.13649,0.394607) (-0.859093,-1.65918)
(-5.09522,0.917293) (-0.199,2.786) (0.0631476,0) (-1.74673,24.4542) (0.135721,-0.109433) (-0.591144,0.682082)
(-5.09522,-0.917293) (-0.199,-2.786) (0.126295,0) (-1.74673,-24.4542) (0.135721,0.109433) (-0.591144,-0.682082)
(-4.42792,-0.645515) (-0.0994998,-2.2885) (0.189443,0) (-0.873361,-20.0873) (0.13649,-0.394607) (-0.859093,1.65918)
(-4.42792,0.645515) (-0.0994998,2.2885) (0,0) (-0.879645,20.2319) (0.0777498,0.407581) (-0.60737,-1.75455)
(-5.09522,0.917293) (-0.199,2.786) (0.0631476,0) (-1.75929,24.6301) (0.150871,-0.082941) (-0.692641,0.560996)
(-5.09522,-0.917293) (-0.199,-2.786) (0.126295,0) (-1.75929,-24.6301) (0.150871,0.082941) (-0.692641,-0.560996)
(-4.42792,-0.645515) (-0.0994998,-2.2885) (0.189443,0) (-0.879645,-20.2319) (0.0777498,-0.407581) (-0.60737,1.75455)
(-4.42792,0.645515) (-0.0994998,2.2885) (0,0) (-0.885928,20.3764) (0.018129,0.411933) (-0.346182,-1.8123)
(-5.09522,0.917293) (-0.199,2.786) (0.0631476,0) (-1.77186,24.806) (0.161023,-0.0545648) (-0.770394,0.425725)
(-5.09522,-0.917293) (-0.199,-2.786) (0.126295,0) (-1.77186,-24.806) (0.161023,0.0545648) (-0.770394,-0.425725)
(-4.42792,-0.645515) (-0.0994998,-2.2885) (0.189443,0) (-0.885928,-20.3764) (0.018129,-0.411933) (-0.346182,1.8123)
(-4.42792,0.645515) (-0.0994998,2.2885) (0,0) (-0.892211,20.5209) (-0.0411235,0.40768) (-0.0810716,-1.83172)
(-5.09522,0.917293) (-0.199,2.786) (0.0631476,0) (-1.78443,24.982) (0.165988,-0.025221) (-0.822612,0.280766)
(-5.09522,-0.917293) (-0.199,-2.786) (0.126295,0) (-1.78443,-24.982) (0.165988,0.025221) (-0.822612,-0.280766)
(-4.42792,-0.645515) (-0.0994998,-2.2885) (0.189443,0) (-0.892211,-20.5209) (-0.0411235,-0.40768) (-0.0810716,1.83172)
(-4.42792,0.645515) (-0.0994998,2.2885) (0,0) (-0.898494,20.6654) (-0.0987826,0.395018) (0.182411,-1.81288)
(-5.09522,0.917293) (-0.199,2.786) (0.0631476,0) (-1.79699,25.1579) (0.165744,0.00416743) (-0.848327,0.130802)
(-5.09522,-0.917293) (-0.199,-2.786) (0.126295,0) (-1.79699,-25.1579) (0.165744,-0.00416743) (-0.848327,-0.130802)
(-4.42792,-0.645515) (-0.0994998,-2.2885) (0.189443,0) (-0.898494,-20.6654) (-0.0987826,-0.395018) (0.182411,1.81288)
(-4.42792,0.645515) (-0.0994998,2.2885) (0,0) (-0.904777,20.8099) (-0.153671,0.374316) (0.438818,-1.75664)
(-5.09522,0.917293) (-0.199,2.786) (0.0631476,0) (-1.80956,25.3338) (0.160428,0.0326987) (-0.84741,-0.0194477)
(-5.09522,-0.917293) (-0.199,-2.786) (0.126295,0) (-1.80956,-25.3338) (0.160428,-0.0326987) (-0.84741,0.0194477)
(-4.42792,-0.645515) (-0.0994998,-2.2885) (0.189443,0) (-0.904777,-20.8099) (-0.153671,-0.374316) (0.438818,1.75664)
(-4.42792,0.645515) (-0.0994998,2.2885) (0,0) (-0.91106,20.9544) (-0.204685,0.346102) (0.682914,-1.66464)
(-5.09522,0.917293) (-0.199,2.786) (0.0631476,0) (-1.82212,25.5097) (0.150328,0.0595199) (-0.82055,-0.165373)
(-5.09522,-0.917293) (-0.199,-2.786) (0.126295,0) (-1.82212,-25.5097) (0.150328,-0.0595199) (-0.82055,0.165373)
(-4.42792,-0.645515) (-0.0994998,-2.2885) (0.189443,0) (-0.91106,-20.9544) (-0.204685,-0.346102) (0.682914,1.66464)
(-4.42792,0.645515) (-0.0994998,2.2885) (0,0) (-0.917344,21.0989) (-0.250813,0.311057) (0.909787,-1.53924)
(-5.09522,0.917293) (-0.199,2.786) (0.0631476,0) (-1.83469,25.6857) (0.135872,0.0838516) (-0.769213,-0.302608)
(-5.09522,-0.917293) (-0.199,-2.786) (0.126295,0) (-1.83469,-25.6857) (0.135872,-0.0838516) (-0.769213,0.302608)
(-4.42792,-0.645515) (-0.0994998,-2.2885) (0.189443,0) (-0.917344,-21.0989) (-0.250813,-0.311057) (0.909787,1.53924)
(-4.42792,0.645515) (-0.0994998,2.2885) (0,0) (-0.923627,21.2435) (-0.291159,0.269993) (1.11494,-1.38346)
(-5.09522,0.917293) (-0.199,2.786) (0.0631476,0) (-1.84726,25.8616) (0.117611,0.10501) (-0.69558,-0.427166)
(-5.09522,-0.917293) (-0.199,-2.786) (0.126295,0) (-1.84726,-25.8616) (0.117611,-0.10501) (-0.69558,0.427166)
(-4.42792,-0.645515) (-0.0994998,-2.2885) (0.189443,0) (-0.923627,-21.2435) (-0.291159,-0.269993) (1.11494,1.38346)
(-4.42792,0.645515) (-0.0994998,2.2885) (0,0) (-0.92991,21.388) (-0.324957,0.223838) (1.2944,-1.2009)
(-5.09522,0.917293) (-0.199,2.786) (0.0631476,0) (-1.85982,26.0375) (0.0962,0.122426) (-0.602461,-0.535542)
(-5.09522,-0.917293) (-0.199,-2.786) (0.126295,0) (-1.85982,-26.0375) (0.0962,-0.122426) (-0.602461,0.535542)
(-4.42792,-0.645515) (-0.0994998,-2.2885) (0.189443,0) (-0.92991,-21.388) (-0.324957,-0.223838) (1.2944,1.2009)
(-4.42792,0.645515) (-0.0994998,2.2885) (0,0) (-0.936193,21.5325) (-0.351589,0.173613) (1.44474,-0.995701)
(-5.09522,0.917293) (-0.199,2.786) (0.0631476,0) (-1.87239,26.2135) (0.0723726,0.135658) (-0.493192,-0.624819)
(-5.09522,-0.917293) (-0.199,-2.786) (0.126295,0) (-1.87239,-26.2135) (0.0723726,-0.135658) (-0.493192,0.624819)
(-4.42792,-0.645515) (-0.0994998,-2.2885) (0.189443,0) (-0.936193,-21.5325) (-0.351589,-0.173613) (1.44474,0.995701)
(-4.42792,0.645515) (-0.0994998,2.2885) (0,0) (-0.942476,21.677) (-0.37059,0.120412) (1.56322,-0.772395)
(-5.09522,0.917293) (-0.199,2.786) (0.0631476,0) (-1.88496,26.3894) (0.0469189,0.144405) (-0.371524,-0.692735)
(-5.09522,-0.917293) (-0.199,-2.786) (0.126295,0) (-1.88496,-26.3894) (0.0469189,-0.144405) (-0.371524,0.692735)
(-4.42792,-0.645515) (-0.0994998,-2.2885) (0.189443,0) (-0.942476,-21.677) (-0.37059,-0.120412) (1.56322,0.772395)
(-4.42792,0.645515) (-0.0994998,2.2885) (0,0) (-0.94876,21.8215) (-0.381662,0.0653754) (1.64777,-0.535846)
(-5.09522,0.917293) (-0.199,2.786) (0.0631476,0) (-1.89752,26.5653) (0.0206593,0.148509) (-0.241491,-0.737738)
(-5.09522,-0.917293) (-0.199,-2.786) (0.126295,0) (-1.89752,-26.5653) (0.0206593,-0.148509) (-0.241491,0.737738)
(-4.42792,-0.645515) (-0.0994998,-2.2885) (0.189443,0) (-0.94876,-21.8215) (-0.381662,-0.0653754) (1.64777,0.535846)
(-4.42792,0.645515) (-0.0994998,2.2885) (0,0) (-0.955043,21.966) (-0.384674,0.0096695) (1.69707,-0.291129)
(-5.09522,0.917293) (-0.199,2.786) (0.0631476,0) (-1.91009,26.7412) (-0.00558157,0.147962) (-0.107285,-0.759018)
(-5.09522,-0.917293) (-0.199,-2.786) (0.126295,0) (-1.91009,-26.7412) (-0.00558157,-0.147962) (-0.107285,0.759018)
(-4.42792,-0.645515) (-0.0994998,-2.2885) (0.189443,0) (-0.955043,-21.966) (-0.384674,-0.0096695) (1.69707,0.291129)
(-4.42792,0.645515) (-0.0994998,2.2885) (0,0) (-0.961326,22.1105) (-0.379664,-0.0455415) (1.71052,-0.0434245)
(-5.09522,0.917293) (-0.199,2.786) (0.0631476,0) (-1.92266,26.9172) (-0.0310001,0.142894) (0.0268768,-0.756513)
(-5.09522,-0.917293) (-0.199,-2.786) (0.126295,0) (-1.92266,-26.9172) (-0.0310001,-0.142894) (0.0268768,0.756513)
(-4.42792,-0.645515) (-0.0994998,-2.2885) (0.189443,0) (-0.961326,-22.1105) (-0.379664,0.0455415) (1.71052,0.0434245)
(-4.42792,0.645515) (-0.0994998,2.2885) (0,0) (-0.967609,22.255) (-0.366836,-0.0991177) (1.6883,0.202088)
(-5.09522,0.917293) (-0.199,2.786) (0.0631476,0) (-1.93522,27.0931) (-0.0548379,0.133574) (0.156885,-0.730889)
(-5.09522,-0.917293) (-0.199,-2.786) (0.126295,0) (-1.93522,-27.0931) (-0.0548379,-0.133574) (0.156885,0.730889)
(-4.42792,-0.645515) (-0.0994998,-2.2885) (0.189443,0) (-0.967609,-22.255) (-0.366836,0.0991177) (1.6883,-0.202088)
(-4.42792,0.645515) (-0.0994998,2.2885) (0,0) (-0.973892,22.3996) (-0.346554,-0.149968) (1.63132,0.44034)
(-5.09522,0.917293) (-0.199,2.786) (0.0631476,0) (-1.94779,27.269) (-0.0764038,0.120391) (0.27886,-0.683506)
(-5.09522,-0.917293) (-0.199,-2.786) (0.126295,0) (-1.94779,-27.269) (-0.0764038,-0.120391) (0.27886,0.683506)
(-4.42792,-0.645515) (-0.0994998,-2.2885) (0.189443,0) (-0.973892,-22.3996) (-0.346554,0.149968) (1.63132,-0.44034)
(-4.42792,0.645515) (-0.0994998,2.2885) (0,0) (-0.980175,22.5441) (-0.319331,-0.19707) (1.54119,0.666476)
(-5.09522,0.917293) (-0.199,2.786) (0.0631476,0) (-1.96035,27.445) (-0.0950932,0.103847) (0.389262,-0.616354)
(-5.09522,-0.917293) (-0.199,-2.786) (0.126295,0) (-1.96035,-27.445) (-0.0950932,-0.103847) (0.389262,0.616354)
(-4.42792,-0.645515) (-0.0994998,-2.2885) (0.189443,0) (-0.980175,-22.5441) (-0.319331,0.19707) (1.54119,-0.666476)
(-4.42792,0.645515) (-0.0994998,2.2885) (0,0) (-0.986459,22.6886) (-0.285821,-0.239493) (1.42019,0.875955)
(-5.09522,0.917293) (-0.199,2.786) (0.0631476,0) (-1.97292,27.6209) (-0.110405,0.084532) (0.484997,-0.531983)
(-5.09522,-0.917293) (-0.199,-2.786) (0.126295,0) (-1.97292,-27.6209) (-0.110405,-0.084532) (0.484997,0.531983)
(-4.42792,-0.645515) (-0.0994998,-2.2885) (0.189443,0) (-0.986459,-22.6886) (-0.285821,0.239493) (1.42019,-0.875955)
(-4.42792,0.645515) (-0.0994998,2.2885) (0,0) (-0.992742,22.8331) (-0.246797,-0.276416) (1.27123,1.06464)
(-5.09522,0.917293) (-0.199,2.786) (0.0631476,0) (-1.98549,27.7968) (-0.121954,0.0631058) (0.563494,-0.433405)
(-5.09522,-0.917293) (-0.199,-2.786) (0.126295,0) (-1.98549,-27.7968) (-0.121954,-0.0631058) (0.563494,0.433405)
(-4.42792,-0.645515) (-0.0994998,-2.2885) (0.189443,0) (-0.992742,-22.8331) (-0.246797,0.276416) (1.27123,-1.06464)
(-4.42792,0.645515) (-0.0994998,2.2885) (0,0) (-0.999025,22.9776) (-0.203137,-0.30714) (1.09774,1.22886)
(-5.09522,0.917293) (-0.199,2.786) (0.0631476,0) (-1.99805,27.9727) (-0.129479,0.0402777) (0.622777,-0.323994)
(-5.09522,-0.917293) (-0.199,-2.786) (0.126295,0) (-1.99805,-27.9727) (-0.129479,-0.0402777) (0.622777,0.323994)
(-4.42792,-0.645515) (-0.0994998,-2.2885) (0.189443,0) (-0.999025,-22.9776) (-0.203137,0.30714) (1.09774,-1.22886)
(-4.42792,0.645515) (-0.0994998,2.2885) (0,0) (-1.00531,23.1221) (-0.155806,-0.331105) (0.90363,1.36553)
(-5.09522,0.917293) (-0.199,2.786) (0.0631476,0) (-2.01062,28.1487) (-0.13285,0.016782) (0.661505,-0.20737)
(-5.09522,-0.917293) (-0.199,-2.786) (0.126295,0) (-2.01062,-28.1487) (-0.13285,-0.016782) (0.661505,0.20737)
(-4.42792,-0.645515) (-0.0994998,-2.2885) (0.189443,0) (-1.00531,-23.1221) (-0.155806,0.331105) (0.90363,-1.36553)
(-4.42792,0.645515) (-0.0994998,2.2885) (0,0) (-1.01159,23.2666) (-0.105832,-0.347899) (0.693189,1.47215)
(-5.09522,0.917293) (-0.199,2.786) (0.0631476,0) (-2.02319,28.3246) (-0.132066,-0.00664482) (0.679002,-0.0872867)
(-5.09522,-0.917293) (-0.199,-2.786) (0.126295,0) (-2.02319,-28.3246) (-0.132066,0.00664482) (0.679002,0.0872867)
(-4.42792,-0.645515) (-0.0994998,-2.2885) (0.189443,0) (-1.01159,-23.2666) (-0.105832,0.347899) (0.693189,-1.47215)
(-4.42792,0.645515) (-0.0994998,2.2885) (0,0) (-1.01787,23.4111) (-0.0542854,-0.357261) (0.470989,1.54688)
(-5.09522,0.917293) (-0.199,2.786) (0.0631476,0) (-2.03575,28.5005) (-0.127256,-0.0292866) (0.67526,0.0324908)
(-5.09522,-0.917293) (-0.199,-2.786) (0.126295,0) (-2.03575,-28.5005) (-0.127256,0.0292866) (0.67526,-0.0324908)
(-4.42792,-0.645515) (-0.0994998,-2.2885) (0.189443,0) (-1.01787,-23.4111) (-0.0542854,0.357261) (0.470989,-1.54688)
(-4.42792,0.645515) (-0.0994998,2.2885) (0,0) (-1.02416,23.5557) (-0.00225581,-0.359092) (0.241788,1.58857)
(-5.09522,0.917293) (-0.199,2.786) (0.0631476,0) (-2.04832,28.6765) (-0.118665,-0.050469) (0.650919,0.1483)
(-5.09522,-0.917293) (-0.199,-2.786) (0.126295,0) (-2.04832,-28.6765) (-0.118665,0.050469) (0.650919,-0.1483)
(-4.42792,-0.645515) (-0.0994998,-2.2885) (0.189443,0) (-1.02416,-23.5557) (-0.00225581,0.359092) (0.241788,-1.58857)
(-4.42792,0.645515) (-0.0994998,2.2885) (0,0) (-1.03044,23.7002) (0.0491709,-0.353446) (0.0104297,1.59677)
(-5.09522,0.917293) (-0.199,2.786) (0.0631476,0) (-2.06089,28.8524) (-0.106651,-0.0695791) (0.607236,0.256691)
(-5.09522,-0.917293) (-0.199,-2.786) (0.126295,0) (-2.06089,-28.8524) (-0.106651,0.0695791) (0.607236,-0.256691)
(-4.42792,-0.645515) (-0.0994998,-2.2885) (0.189443,0) (-1.03044,-23.7002) (0.0491709,0.353446) (0.0104297,-1.59677)
(-4.42792,0.645515) (-0.0994998,2.2885) (0,0) (-1.03672,23.8447) (0.0989347,-0.340534) (-0.218256,1.57172)
(-5.09522,0.917293) (-0.199,2.786) (0.0631476,0) (-2.07345,29.0283) (-0.0916679,-0.086083) (0.546032,0.354526)
(-5.09522,-0.917293) (-0.199,-2.786) (0.126295,0) (-2.07345,-29.0283) (-0.0916679,0.086083) (0.546032,-0.354526)
(-4.42792,-0.645515) (-0.0994998,-2.2885) (0.189443,0) (-1.03672,-23.8447) (0.0989347,0.340534) (-0.218256,-1.57172)
(-4.42792,0.645515) (-0.0994998,2.2885) (0,0) (-1.04301,23.9892) (0.146024,-0.320715) (-0.439555,1.51436)
(-5.09522,0.917293) (-0.199,2.786) (0.0631476,0) (-2.08602,29.2043) (-0.0742475,-0.0995395) (0.469614,0.439069)
(-5.09522,-0.917293) (-0.199,-2.786) (0.126295,0) (-2.08602,-29.2043) (-0.0742475,0.0995395) (0.469614,-0.439069)
(-4.42792,-0.645515) (-0.0994998,-2.2885) (0.189443,0) (-1.04301,-23.9892) (0.146024,0.320715) (-0.439555,-1.51436)
(-4.42792,0.645515) (-0.0994998,2.2885) (0,0) (-1.04929,24.1337) (0.189494,-0.294487) (-0.648967,1.42629)
(-5.09522,0.917293) (-0.199,2.786) (0.0631476,0) (-2.09859,29.3802) (-0.0549844,-0.109612) (0.380704,0.50806)
(-5.09522,-0.917293) (-0.199,-2.786) (0.126295,0) (-2.09859,-29.3802) (-0.0549844,0.109612) (0.380704,-0.50806)
(-4.42792,-0.645515) (-0.0994998,-2.2885) (0.189443,0) (-1.04929,-24.1337) (0.189494,0.294487) (-0.648967,-1.42629)
(-4.42792,0.645515) (-0.0994998,2.2885) (0,0) (-1.05557,24.2782) (0.228487,-0.262474) (-0.842294,1.30971)
(-5.09522,0.917293) (-0.199,2.786) (0.0631476,0) (-2.11115,29.5561) (-0.0345146,-0.116076) (0.282335,0.559771)
(-5.09522,-0.917293) (-0.199,-2.786) (0.126295,0) (-2.11115,-29.5561) (-0.0345146,0.116076) (0.282335,-0.559771)
(-4.42792,-0.645515) (-0.0994998,-2.2885) (0.189443,0) (-1.05557,-24.2782) (0.228487,0.262474) (-0.842294,-1.30971)
(-4.42792,0.645515) (-0.0994998,2.2885) (0,0) (-1.06186,24.4227) (0.262252,-0.225412) (-1.01572,1.1674)
(-5.09522,0.917293) (-0.199,2.786) (0.0631476,0) (-2.12372,29.732) (-0.0134953,-0.118822) (0.177756,0.593047)
(-5.09522,-0.917293) (-0.199,-2.786) (0.126295,0) (-2.12372,-29.732) (-0.0134953,0.118822) (0.177756,-0.593047)
(-4.42792,-0.645515) (-0.0994998,-2.2885) (0.189443,0) (-1.06186,-24.4227) (0.262252,0.225412) (-1.01572,-1.1674)
(-4.42792,0.645515) (-0.0994998,2.2885) (0,0) (-1.06814,24.5673) (0.290151,-0.184135) (-1.16591,1.00263)
(-5.09522,0.917293) (-0.199,2.786) (0.0631476,0) (-2.13628,29.908) (0.0074159,-0.11786) (0.0703263,0.607324)
(-5.09522,-0.917293) (-0.199,-2.786) (0.126295,0) (-2.13628,-29.908) (0.0074159,0.11786) (0.0703263,-0.607324)
(-4.42792,-0.645515) (-0.0994998,-2.2885) (0.189443,0) (-1.06814,-24.5673) (0.290151,0.184135) (-1.16591,-1.00263)
(-4.42792,0.645515) (-0.0994998,2.2885) (0,0) (-1.07442,24.7118) (0.31168,-0.139551) (-1.29001,0.819115)
(-5.09522,0.917293) (-0.199,2.786) (0.0631476,0) (-2.14885,30.0839) (0.0275808,-0.11331) (-0.0365922,0.602638)
(-5.09522,-0.917293) (-0.199,-2.786) (0.126295,0) (-2.14885,-30.0839) (0.0275808,0.11331) (-0.0365922,-0.602638)
(-4.42792,-0.645515) (-0.0994998,-2.2885) (0.189443,0) (-1.07442,-24.7118) (0.31168,0.139551) (-1.29001,-0.819115)
(-4.42792,0.645515) (-0.0994998,2.2885) (0,0) (-1.08071,24.8563) (0.32647,-0.0926274) (-1.38579,0.620888)
(-5.09522,0.917293) (-0.199,2.786) (0.0631476,0) (-2.16142,30.2598) (0.0464002,-0.105401) (-0.139736,0.579601)
(-5.09522,-0.917293) (-0.199,-2.786) (0.126295,0) (-2.16142,-30.2598) (0.0464002,0.105401) (-0.139736,-0.579601)
(-4.42792,-0.645515) (-0.0994998,-2.2885) (0.189443,0) (-1.08071,-24.8563) (0.32647,0.0926274) (-1.38579,-0.620888)
(-4.42792,0.645515) (-0.0994998,2.2885) (0,0) (-1.08699,25.0008) (0.334299,-0.044367) (-1.45161,0.412249)
(-5.09522,0.917293) (-0.199,2.786) (0.0631476,0) (-2.17398,30.4358) (0.0633306,-0.094458) (-0.236038,0.539377)
(-5.09522,-0.917293) (-0.199,-2.786) (0.126295,0) (-2.17398,-30.4358) (0.0633306,0.094458) (-0.236038,-0.539377)
(-4.42792,-0.645515) (-0.0994998,-2.2885) (0.189443,0) (-1.08699,-25.0008) (0.334299,0.044367) (-1.45161,-0.412249)
(-4.42792,0.645515) (-0.0994998,2.2885) (0,0) (-1.09327,25.1453) (0.335092,0.00421156) (-1.48648,0.197658)
(-5.09522,0.917293) (-0.199,2.786) (0.0631476,0) (-2.18655,30.6117) (0.0779003,-0.0808927) (-0.322717,0.483624)
(-5.09522,-0.917293) (-0.199,-2.786) (0.126295,0) (-2.18655,-30.6117) (0.0779003,0.0808927) (-0.322717,-0.483624)
(-4.42792,-0.645515) (-0.0994998,-2.2885) (0.189443,0) (-1.09327,-25.1453) (0.335092,-0.00421156) (-1.48648,-0.197658)
(-4.42792,0.645515) (-0.0994998,2.2885) (0,0) (-1.09956,25.2898) (0.328919,0.0520961) (-1.49006,-0.0183555)
(-5.09522,0.917293) (-0.199,2.786) (0.0631476,0) (-2.19912,30.7876) (0.0897214,-0.0651854) (-0.397356,0.414435)
(-5.09522,-0.917293) (-0.199,-2.786) (0.126295,0) (-2.19912,-30.7876) (0.0897214,0.0651854) (-0.397356,-0.414435)
(-4.42792,-0.645515) (-0.0994998,-2.2885) (0.189443,0) (-1.09956,-25.2898) (0.328919,-0.0520961) (-1.49006,0.0183555)
(-4.42792,0.645515) (-0.0994998,2.2885) (0,0) (-1.10584,25.4343) (0.315996,0.0983013) (-1.46266,-0.231291)
(-5.09522,0.917293) (-0.199,2.786) (0.0631476,0) (-2.21168,30.9635) (0.0984998,-0.0478706) (-0.457967,0.334264)
(-5.09522,-0.917293) (-0.199,-2.786) (0.126295,0) (-2.21168,-30.9635) (0.0984998,0.0478706) (-0.457967,-0.334264)
(-4.42792,-0.645515) (-0.0994998,-2.2885) (0.189443,0) (-1.10584,-25.4343) (0.315996,-0.0983013) (-1.46266,0.231291)
(-4.42792,0.645515) (-0.0994998,2.2885) (0,0) (-1.11212,25.5788) (0.296676,0.141889) (-1.40525,-0.436766)
(-5.09522,0.917293) (-0.199,2.786) (0.0631476,0) (-2.22425,31.1395) (0.104042,-0.0295186) (-0.503041,0.245841)
(-5.09522,-0.917293) (-0.199,-2.786) (0.126295,0) (-2.22425,-31.1395) (0.104042,0.0295186) (-0.503041,-0.245841)
(-4.42792,-0.645515) (-0.0994998,-2.2885) (0.189443,0) (-1.11212,-25.5788) (0.296676,-0.141889) (-1.40525,0.436766)
(-4.42792,0.645515) (-0.0994998,2.2885) (0,0) (-1.11841,25.7234) (0.271439,0.181988) (-1.31939,-0.630609)
(-5.09522,0.917293) (-0.199,2.786) (0.0631476,0) (-2.23682,31.3154) (0.106259,-0.0107177) (-0.531581,0.15208)
(-5.09522,-0.917293) (-0.199,-2.786) (0.126295,0) (-2.23682,-31.3154) (0.106259,0.0107177) (-0.531581,-0.15208)
(-4.42792,-0.645515) (-0.0994998,-2.2885) (0.189443,0) (-1.11841,-25.7234) (0.271439,-0.181988) (-1.31939,0.630609)
(-4.42792,0.645515) (-0.0994998,2.2885) (0,0) (-1.12469,25.8679) (0.240883,0.217808) (-1.20721,-0.808943)
(-5.09522,0.917293) (-0.199,2.786) (0.0631476,0) (-2.24938,31.4913) (0.105165,0.00794504) (-0.543125,0.0559851)
(-5.09522,-0.917293) (-0.199,-2.786) (0.126295,0) (-2.24938,-31.4913) (0.105165,-0.00794504) (-0.543125,-0.0559851)
(-4.42792,-0.645515) (-0.0994998,-2.2885) (0.189443,0) (-1.12469,-25.8679) (0.240883,-0.217808) (-1.20721,0.808943)
(-4.42792,0.645515) (-0.0994998,2.2885) (0,0) (-1.13097,26.0124) (0.205709,0.24866) (-1.07138,-0.968259)
(-5.09522,0.917293) (-0.199,2.786) (0.0631476,0) (-2.26195,31.6673) (0.100875,0.0259011) (-0.537741,-0.0394398)
(-5.09522,-0.917293) (-0.199,-2.786) (0.126295,0) (-2.26195,-31.6673) (0.100875,-0.0259011) (-0.537741,0.0394398)
(-4.42792,-0.645515) (-0.0994998,-2.2885) (0.189443,0) (-1.13097,-26.0124) (0.205709,-0.24866) (-1.07138,0.968259)
(-4.42792,0.645515) (-0.0994998,2.2885) (0,0) (-1.13725,26.1569) (0.166704,0.273965) (-0.915002,-1.10549)
(-5.09522,0.917293) (-0.199,2.786) (0.0631476,0) (-2.27451,31.8432) (0.0936012,0.0426179) (-0.516012,-0.131288)
(-5.09522,-0.917293) (-0.199,-2.786) (0.126295,0) (-2.27451,-31.8432) (0.0936012,-0.0426179) (-0.516012,0.131288)
(-4.42792,-0.645515) (-0.0994998,-2.2885) (0.189443,0) (-1.13725,-26.1569) (0.166704,-0.273965) (-0.915002,1.10549)
(-4.42792,0.645515) (-0.0994998,2.2885) (0,0) (-1.14354,26.3014) (0.124726,0.293268) (-0.741588,-1.21806)
(-5.09522,0.917293) (-0.199,2.786) (0.0631476,0) (-2.28708,32.0191) (0.0836396,0.0576139) (-0.479011,-0.216833)
(-5.09522,-0.917293) (-0.199,-2.786) (0.126295,0) (-2.28708,-32.0191) (0.0836396,-0.0576139) (-0.479011,0.216833)
(-4.42792,-0.645515) (-0.0994998,-2.2885) (0.189443,0) (-1.14354,-26.3014) (0.124726,-0.293268) (-0.741588,1.21806)
(-4.42792,0.645515) (-0.0994998,2.2885) (0,0) (-1.14982,26.4459) (0.0806838,0.306243) (-0.554946,-1.30394)
(-5.09522,0.917293) (-0.199,2.786) (0.0631476,0) (-2.29965,32.195) (0.0713624,0.0704722) (-0.428251,-0.293611)
(-5.09522,-0.917293) (-0.199,-2.786) (0.126295,0) (-2.29965,-32.195) (0.0713624,-0.0704722) (-0.428251,0.293611)
(-4.42792,-0.645515) (-0.0994998,-2.2885) (0.189443,0) (-1.14982,-26.4459) (0.0806838,-0.306243) (-0.554946,1.30394)
(-4.42792,0.645515) (-0.0994998,2.2885) (0,0) (-1.1561,26.5904) (0.0355166,0.312699) (-0.359117,-1.36168)
(-5.09522,0.917293) (-0.199,2.786) (0.0631476,0) (-2.31221,32.371) (0.0572032,0.0808521) (-0.365628,-0.359487)
(-5.09522,-0.917293) (-0.199,-2.786) (0.126295,0) (-2.31221,-32.371) (0.0572032,-0.0808521) (-0.365628,0.359487)
(-4.42792,-0.645515) (-0.0994998,-2.2885) (0.189443,0) (-1.1561,-26.5904) (0.0355166,-0.312699) (-0.359117,1.36168)
(-4.42792,0.645515) (-0.0994998,2.2885) (0,0) (-1.16239,26.735) (-0.00982381,0.312584) (-0.158279,-1.39044)
(-5.09522,0.917293) (-0.199,2.786) (0.0631476,0) (-2.32478,32.5469) (0.0416427,0.0884969) (-0.293356,-0.412713)
(-5.09522,-0.917293) (-0.199,-2.786) (0.126295,0) (-2.32478,-32.5469) (0.0416427,-0.0884969) (-0.293356,0.412713)
(-4.42792,-0.645515) (-0.0994998,-2.2885) (0.189443,0) (-1.16239,-26.735) (-0.00982381,-0.312584) (-0.158279,1.39044)
(-4.42792,0.645515) (-0.0994998,2.2885) (0,0) (-1.16867,26.8795) (-0.0543941,0.305983) (0.0433364,-1.38998)
(-5.09522,0.917293) (-0.199,2.786) (0.0631476,0) (-2.33735,32.7228) (0.0251923,0.0932402) (-0.213889,-0.451971)
(-5.09522,-0.917293) (-0.199,-2.786) (0.126295,0) (-2.33735,-32.7228) (0.0251923,-0.0932402) (-0.213889,0.451971)
(-4.42792,-0.645515) (-0.0994998,-2.2885) (0.189443,0) (-1.16867,-26.8795) (-0.0543941,-0.305983) (0.0433364,1.38998)
(-4.42792,0.645515) (-0.0994998,2.2885) (0,0) (-1.17495,27.024) (-0.0972787,0.293112) (0.241534,-1.36067)
(-5.09522,0.917293) (-0.199,2.786) (0.0631476,0) (-2.34991,32.8988) (0.00837832,0.0950088) (-0.12984,-0.476405)
(-5.09522,-0.917293) (-0.199,-2.786) (0.126295,0) (-2.34991,-32.8988) (0.00837832,-0.0950088) (-0.12984,0.476405)
(-4.42792,-0.645515) (-0.0994998,-2.2885) (0.189443,0) (-1.17495,-27.024) (-0.0972787,-0.293112) (0.241534,1.36067)
(-4.42792,0.645515) (-0.0994998,2.2885) (0,0) (-1.18124,27.1685) (-0.137609,0.274319) (0.432244,-1.30349)
(-5.09522,0.917293) (-0.199,2.786) (0.0631476,0) (-2.36248,33.0747) (-0.00827509,0.0938222) (-0.0438991,-0.485636)
(-5.09522,-0.917293) (-0.199,-2.786) (0.126295,0) (-2.36248,-33.0747) (-0.00827509,-0.0938222) (-0.0438991,0.485636)
(-4.42792,-0.645515) (-0.0994998,-2.2885) (0.189443,0) (-1.18124,-27.1685) (-0.137609,-0.274319) (0.432244,1.30349)
(-4.42792,0.645515) (-0.0994998,2.2885) (0,0) (-1.18752,27.313) (-0.174579,0.250066) (0.6116,-1.21997)
(-5.09522,0.917293) (-0.199,2.786) (0.0631476,0) (-2.37505,33.2506) (-0.0242616,0.0897902) (0.0412543,-0.479756)
(-5.09522,-0.917293) (-0.199,-2.786) (0.126295,0) (-2.37505,-33.2506) (-0.0242616,-0.0897902) (0.0412543,0.479756)
(-4.42792,-0.645515) (-0.0994998,-2.2885) (0.189443,0) (-1.18752,-27.313) (-0.174579,-0.250066) (0.6116,1.21997)
(-4.42792,0.645515) (-0.0994998,2.2885) (0,0) (-1.1938,27.4575) (-0.207464,0.220926) (0.776022,-1.11216)
(-5.09522,0.917293) (-0.199,2.786) (0.0631476,0) (-2.38761,33.4266) (-0.0391079,0.083107) (0.12303,-0.459322)
(-5.09522,-0.917293) (-0.199,-2.786) (0.126295,0) (-2.38761,-33.4266) (-0.0391079,-0.083107) (0.12303,0.459322)
(-4.42792,-0.645515) (-0.0994998,-2.2885) (0.189443,0) (-1.1938,-27.4575) (-0.207464,-0.220926) (0.776022,1.11216)
(-4.42792,0.645515) (-0.0994998,2.2885) (0,0) (-1.20009,27.602) (-0.235631,0.187563) (0.922283,-0.98262)
(-5.09522,0.917293) (-0.199,2.786) (0.0631476,0) (-2.40018,33.6025) (-0.0523874,0.074043) (0.199006,-0.42532)
(-5.09522,-0.917293) (-0.199,-2.786) (0.126295,0) (-2.40018,-33.6025) (-0.0523874,-0.074043) (0.199006,0.42532)
(-4.42792,-0.645515) (-0.0994998,-2.2885) (0.189443,0) (-1.20009,-27.602) (-0.235631,-0.187563) (0.922283,0.98262)
(-4.42792,0.645515) (-0.0994998,2.2885) (0,0) (-1.20637,27.7465) (-0.258557,0.150725) (1.04757,-0.8343)
(-5.09522,0.917293) (-0.199,2.786) (0.0631476,0) (-2.41274,33.7784) (-0.0637321,0.0629353) (0.266999,-0.37913)
(-5.09522,-0.917293) (-0.199,-2.786) (0.126295,0) (-2.41274,-33.7784) (-0.0637321,-0.0629353) (0.266999,0.37913)
(-4.42792,-0.645515) (-0.0994998,-2.2885) (0.189443,0) (-1.20637,-27.7465) (-0.258557,-0.150725) (1.04757,0.8343)
(-4.42792,0.645515) (-0.0994998,2.2885) (0,0) (-1.21265,27.8911) (-0.275829,0.111218) (1.14956,-0.670516)
(-5.09522,0.917293) (-0.199,2.786) (0.0631476,0) (-2.42531,33.9543) (-0.0728423,0.0501747) (0.325123,-0.322469)
(-5.09522,-0.917293) (-0.199,-2.786) (0.126295,0) (-2.42531,-33.9543) (-0.0728423,-0.0501747) (0.325123,0.322469)
(-4.42792,-0.645515) (-0.0994998,-2.2885) (0.189443,0) (-1.21265,-27.8911) (-0.275829,-0.111218) (1.14956,0.670516)
(-4.42792,0.645515) (-0.0994998,2.2885) (0,0) (-1.21894,28.0356) (-0.28716,0.0698955) (1.22641,-0.494858)
(-5.09522,0.917293) (-0.199,2.786) (0.0631476,0) (-2.43788,34.1303) (-0.0794944,0.0361935) (0.371842,-0.257333)
(-5.09522,-0.917293) (-0.199,-2.786) (0.126295,0) (-2.43788,-34.1303) (-0.0794944,-0.0361935) (0.371842,0.257333)
(-4.42792,-0.645515) (-0.0994998,-2.2885) (0.189443,0) (-1.21894,-28.0356) (-0.28716,-0.0698955) (1.22641,0.494858)
(-4.42792,0.645515) (-0.0994998,2.2885) (0,0) (-1.22522,28.1801) (-0.29239,0.0276385) (1.27684,-0.311123)
(-5.09522,0.917293) (-0.199,2.786) (0.0631476,0) (-2.45044,34.3062) (-0.0835456,0.0214502) (0.406007,-0.185929)
(-5.09522,-0.917293) (-0.199,-2.786) (0.126295,0) (-2.45044,-34.3062) (-0.0835456,-0.0214502) (0.406007,0.185929)
(-4.42792,-0.645515) (-0.0994998,-2.2885) (0.189443,0) (-1.22522,-28.1801) (-0.29239,-0.0276385) (1.27684,0.311123)
(-4.42792,0.645515) (-0.0994998,2.2885) (0,0) (-1.2315,28.3246) (-0.291485,-0.0146644) (1.30014,-0.123225)
(-5.09522,0.917293) (-0.199,2.786) (0.0631476,0) (-2.46301,34.4821) (-0.0849362,0.00641554) (0.426884,-0.1106)
(-5.09522,-0.917293) (-0.199,-2.786) (0.126295,0) (-2.46301,-34.4821) (-0.0849362,-0.00641554) (0.426884,0.1106)
(-4.42792,-0.645515) (-0.0994998,-2.2885) (0.189443,0) (-1.2315,-28.3246) (-0.291485,0.0146644) (1.30014,0.123225)
(-4.42792,0.645515) (-0.0994998,2.2885) (0,0) (-1.23779,28.4691) (-0.284541,-0.0561348) (1.29616,0.0648847)
(-5.09522,0.917293) (-0.199,2.786) (0.0631476,0) (-2.47558,34.6581) (-0.0836897,-0.00844253) (0.434162,-0.0337515)
(-5.09522,-0.917293) (-0.199,-2.786) (0.126295,0) (-2.47558,-34.6581) (-0.0836897,0.00844253) (0.434162,0.0337515)
(-4.42792,-0.645515) (-0.0994998,-2.2885) (0.189443,0) (-1.23779,-28.4691) (-0.284541,0.0561348) (1.29616,-0.0648847)
